TpTrace Verbose: 0 : 22132, 1, 2025/02/16, 22:41:03.363, 2356424048519, datacollector.dll, Version: 17.11.1-release-24455-02
TpTrace Information: 0 : 22132, 1, 2025/02/16, 22:41:03.366, 2356424082944, datacollector.dll, DataCollectorMain.Run: Starting data collector run with args: --port,55966,--parentprocessid,28444,--diag,C:\Users\vikal\source\repos\Unit tests\bin\Debug\net8.0\fine-code-coverage\coverage-tool-output\diagnostics.datacollector.25-02-16_22-41-03_27168_5.log,--tracelevel,4
TpTrace Information: 0 : 22132, 1, 2025/02/16, 22:41:03.366, 2356424083704, datacollector.dll, DataCollector: Monitoring parent process with id: '28444'
TpTrace Information: 0 : 22132, 1, 2025/02/16, 22:41:03.417, 2356424589251, datacollector.dll, Trying to connect to server on socket : 127.0.0.1:55966 
TpTrace Verbose: 0 : 22132, 1, 2025/02/16, 22:41:03.423, 2356424649386, datacollector.dll, SocketCommunicationManager : SetupClientAsync : Attempting to connect to the server.
TpTrace Information: 0 : 22132, 9, 2025/02/16, 22:41:03.427, 2356424694160, datacollector.dll, Connected to the server successfully 
TpTrace Information: 0 : 22132, 9, 2025/02/16, 22:41:03.427, 2356424694692, datacollector.dll, Using the buffer size of 16384 bytes
TpTrace Information: 0 : 22132, 1, 2025/02/16, 22:41:03.463, 2356425055404, datacollector.dll, DataCollector: Start Request Processing.
TpTrace Verbose: 0 : 22132, 1, 2025/02/16, 22:41:03.463, 2356425057209, datacollector.dll, SocketCommunicationManager.WaitForServerConnection took: 0 ms, with 90000 ms timeout, and finished with True.
TpTrace Information: 0 : 22132, 1, 2025/02/16, 22:41:03.464, 2356425059054, datacollector.dll, DataCollectionRequestHandler.ProcessRequests: Datacollector received message: (DataCollection.BeforeTestRunStart) -> {"MessageType":"DataCollection.BeforeTestRunStart","Payload":{"SettingsXml":"<RunSettings><RunConfiguration><ResultsDirectory>C:\\Users\\vikal\\source\\repos\\Unit tests\\bin\\Debug\\net8.0\\fine-code-coverage\\coverage-tool-output</ResultsDirectory><TargetPlatform>X86</TargetPlatform><TargetFrameworkVersion>.NETCoreApp,Version=v8.0</TargetFrameworkVersion><DesignMode>False</DesignMode><CollectSourceInformation>False</CollectSourceInformation><TestAdaptersPaths>C:\\Program Files\\dotnet\\sdk\\8.0.403\\Extensions</TestAdaptersPaths></RunConfiguration><LoggerRunSettings><Loggers><Logger friendlyName=\"blame\" enabled=\"True\" /><Logger friendlyName=\"Console\" uri=\"logger://microsoft/TestPlatform/ConsoleLogger/v1\" assemblyQualifiedName=\"Microsoft.VisualStudio.TestPlatform.CommandLine.Internal.ConsoleLogger, vstest.console, Version=15.0.0.0, Culture=neutral, PublicKeyToken=b03f5f7f11d50a3a\" codeBase=\"C:\\Program Files\\dotnet\\sdk\\8.0.403\\vstest.console.dll\" enabled=\"True\" /></Loggers></LoggerRunSettings><DataCollectionRunSettings><DataCollectors><DataCollector friendlyName=\"blame\" enabled=\"True\"><Configuration><ResultsDirectory>C:\\Users\\vikal\\source\\repos\\Unit tests\\bin\\Debug\\net8.0\\fine-code-coverage\\coverage-tool-output</ResultsDirectory></Configuration></DataCollector></DataCollectors></DataCollectionRunSettings></RunSettings>","Sources":["C:\\Users\\vikal\\source\\repos\\Unit tests\\bin\\Debug\\net8.0\\fine-code-coverage\\build-output\\Unit tests.dll"],"IsTelemetryOptedIn":false}}
TpTrace Verbose: 0 : 22132, 1, 2025/02/16, 22:41:03.487, 2356425293066, datacollector.dll, TestPluginCache: Update extensions started. Skip filter = False
TpTrace Verbose: 0 : 22132, 1, 2025/02/16, 22:41:03.488, 2356425298138, datacollector.dll, TestPluginCache: Using directories for assembly resolution 'C:\Program Files\dotnet\sdk\8.0.403\Extensions'.
TpTrace Verbose: 0 : 22132, 1, 2025/02/16, 22:41:03.488, 2356425298539, datacollector.dll, TestPluginCache: Updated the available extensions to 'C:\Program Files\dotnet\sdk\8.0.403\Extensions\Microsoft.TestPlatform.Extensions.BlameDataCollector.dll,C:\Program Files\dotnet\sdk\8.0.403\Extensions\Microsoft.TestPlatform.Extensions.EventLogCollector.dll'.
TpTrace Verbose: 0 : 22132, 1, 2025/02/16, 22:41:03.491, 2356425330142, datacollector.dll, TestPluginCache.DiscoverTestExtensions: finding test extensions in assemblies ends with: Collector.dll TPluginInfo: Microsoft.VisualStudio.TestPlatform.Common.DataCollector.DataCollectorConfig TExtension: Microsoft.VisualStudio.TestPlatform.ObjectModel.DataCollection.DataCollector
TpTrace Verbose: 0 : 22132, 1, 2025/02/16, 22:41:03.493, 2356425348715, datacollector.dll, TestPluginCache.GetExtensionPaths: Filtered extension paths: C:\Program Files\dotnet\sdk\8.0.403\Extensions\Microsoft.TestPlatform.Extensions.BlameDataCollector.dll
C:\Program Files\dotnet\sdk\8.0.403\Extensions\Microsoft.TestPlatform.Extensions.EventLogCollector.dll
TpTrace Verbose: 0 : 22132, 1, 2025/02/16, 22:41:03.493, 2356425349117, datacollector.dll, TestPluginCache.GetExtensionPaths: Added default extension paths: 
TpTrace Verbose: 0 : 22132, 1, 2025/02/16, 22:41:03.493, 2356425349286, datacollector.dll, TestPluginCache.GetExtensionPaths: Added unfilterableExtensionPaths: 
TpTrace Information: 0 : 22132, 1, 2025/02/16, 22:41:03.493, 2356425352377, datacollector.dll, AssemblyResolver.ctor: Creating AssemblyResolver with searchDirectories C:\Program Files\dotnet\sdk\8.0.403\Extensions,C:\Program Files\dotnet\sdk\8.0.403
TpTrace Verbose: 0 : 22132, 1, 2025/02/16, 22:41:03.493, 2356425356916, datacollector.dll, TestPluginCache.DiscoverTestExtensions: Discovering the extensions using extension path.
TpTrace Verbose: 0 : 22132, 1, 2025/02/16, 22:41:03.494, 2356425357778, datacollector.dll, TestPluginCache.GetExtensionPaths: Filtered extension paths: C:\Program Files\dotnet\sdk\8.0.403\Extensions\Microsoft.TestPlatform.Extensions.BlameDataCollector.dll
C:\Program Files\dotnet\sdk\8.0.403\Extensions\Microsoft.TestPlatform.Extensions.EventLogCollector.dll
TpTrace Verbose: 0 : 22132, 1, 2025/02/16, 22:41:03.494, 2356425358066, datacollector.dll, TestPluginCache.GetExtensionPaths: Added default extension paths: 
TpTrace Verbose: 0 : 22132, 1, 2025/02/16, 22:41:03.494, 2356425358225, datacollector.dll, TestPluginCache.GetExtensionPaths: Added unfilterableExtensionPaths: 
TpTrace Verbose: 0 : 22132, 1, 2025/02/16, 22:41:03.494, 2356425358486, datacollector.dll, TestPluginCache.DiscoverTestExtensions: Discovering the extensions using allExtensionPaths: C:\Program Files\dotnet\sdk\8.0.403\Extensions\Microsoft.TestPlatform.Extensions.BlameDataCollector.dll
C:\Program Files\dotnet\sdk\8.0.403\Extensions\Microsoft.TestPlatform.Extensions.EventLogCollector.dll
TpTrace Information: 0 : 22132, 1, 2025/02/16, 22:41:03.494, 2356425359222, datacollector.dll, AssemblyResolver.AddSearchDirectories: Adding more searchDirectories C:\Program Files\dotnet\sdk\8.0.403\Extensions,C:\Program Files\dotnet\sdk\8.0.403
TpTrace Information: 0 : 22132, 1, 2025/02/16, 22:41:03.494, 2356425359595, datacollector.dll, AssemblyResolver.AddSearchDirectories: Adding more searchDirectories C:\Program Files\dotnet\sdk\8.0.403\Extensions,C:\Program Files\dotnet\sdk\8.0.403
TpTrace Information: 0 : 22132, 1, 2025/02/16, 22:41:03.494, 2356425361715, datacollector.dll, AssemblyResolver.OnResolve: Microsoft.TestPlatform.Extensions.BlameDataCollector: Resolving assembly.
TpTrace Information: 0 : 22132, 1, 2025/02/16, 22:41:03.494, 2356425362291, datacollector.dll, AssemblyResolver.OnResolve: Microsoft.TestPlatform.Extensions.BlameDataCollector: Searching in: 'C:\Program Files\dotnet\sdk\8.0.403\Extensions'.
TpTrace Information: 0 : 22132, 1, 2025/02/16, 22:41:03.498, 2356425403193, datacollector.dll, AssemblyResolver.OnResolve: Microsoft.TestPlatform.Extensions.BlameDataCollector: Loading assembly 'C:\Program Files\dotnet\sdk\8.0.403\Extensions\Microsoft.TestPlatform.Extensions.BlameDataCollector.dll'.
TpTrace Information: 0 : 22132, 1, 2025/02/16, 22:41:03.499, 2356425407709, datacollector.dll, AssemblyResolver.OnResolve: Resolved assembly: Microsoft.TestPlatform.Extensions.BlameDataCollector, from path: C:\Program Files\dotnet\sdk\8.0.403\Extensions\Microsoft.TestPlatform.Extensions.BlameDataCollector.dll
TpTrace Verbose: 0 : 22132, 1, 2025/02/16, 22:41:03.502, 2356425441169, datacollector.dll, MetadataReaderExtensionsHelper: Discovering extensions inside assembly 'Microsoft.TestPlatform.Extensions.BlameDataCollector, Version=15.0.0.0, Culture=neutral, PublicKeyToken=b03f5f7f11d50a3a' file path 'C:\Program Files\dotnet\sdk\8.0.403\Extensions\Microsoft.TestPlatform.Extensions.BlameDataCollector.dll'
TpTrace Error: 0 : 22132, 1, 2025/02/16, 22:41:03.504, 2356425459494, datacollector.dll, The type "Microsoft.TestPlatform.Extensions.BlameDataCollector.BlameCollector" defined in "Microsoft.TestPlatform.Extensions.BlameDataCollector.dll" does not have ExtensionUri attribute.
TpTrace Information: 0 : 22132, 1, 2025/02/16, 22:41:03.506, 2356425480144, datacollector.dll, GetTestExtensionFromType: Register extension with identifier data 'datacollector://microsoft/TestPlatform/Extensions/Blame/v1' and type 'Microsoft.TestPlatform.Extensions.BlameDataCollector.BlameCollector, Microsoft.TestPlatform.Extensions.BlameDataCollector, Version=15.0.0.0, Culture=neutral, PublicKeyToken=b03f5f7f11d50a3a' inside file 'C:\Program Files\dotnet\sdk\8.0.403\Extensions\Microsoft.TestPlatform.Extensions.BlameDataCollector.dll'
TpTrace Information: 0 : 22132, 1, 2025/02/16, 22:41:03.506, 2356425480889, datacollector.dll, AssemblyResolver.OnResolve: Microsoft.TestPlatform.Extensions.EventLogCollector: Resolving assembly.
TpTrace Information: 0 : 22132, 1, 2025/02/16, 22:41:03.506, 2356425481241, datacollector.dll, AssemblyResolver.OnResolve: Microsoft.TestPlatform.Extensions.EventLogCollector: Searching in: 'C:\Program Files\dotnet\sdk\8.0.403\Extensions'.
TpTrace Information: 0 : 22132, 1, 2025/02/16, 22:41:03.506, 2356425484552, datacollector.dll, AssemblyResolver.OnResolve: Microsoft.TestPlatform.Extensions.EventLogCollector: Loading assembly 'C:\Program Files\dotnet\sdk\8.0.403\Extensions\Microsoft.TestPlatform.Extensions.EventLogCollector.dll'.
TpTrace Information: 0 : 22132, 1, 2025/02/16, 22:41:03.507, 2356425488032, datacollector.dll, AssemblyResolver.OnResolve: Resolved assembly: Microsoft.TestPlatform.Extensions.EventLogCollector, from path: C:\Program Files\dotnet\sdk\8.0.403\Extensions\Microsoft.TestPlatform.Extensions.EventLogCollector.dll
TpTrace Verbose: 0 : 22132, 1, 2025/02/16, 22:41:03.507, 2356425488555, datacollector.dll, MetadataReaderExtensionsHelper: Discovering extensions inside assembly 'Microsoft.TestPlatform.Extensions.EventLogCollector, Version=15.0.0.0, Culture=neutral, PublicKeyToken=b03f5f7f11d50a3a' file path 'C:\Program Files\dotnet\sdk\8.0.403\Extensions\Microsoft.TestPlatform.Extensions.EventLogCollector.dll'
TpTrace Error: 0 : 22132, 1, 2025/02/16, 22:41:03.508, 2356425500771, datacollector.dll, The type "Microsoft.TestPlatform.Extensions.EventLogCollector.EventLogDataCollector" defined in "Microsoft.TestPlatform.Extensions.EventLogCollector.dll" does not have ExtensionUri attribute.
TpTrace Information: 0 : 22132, 1, 2025/02/16, 22:41:03.508, 2356425502672, datacollector.dll, GetTestExtensionFromType: Register extension with identifier data 'datacollector://microsoft/EventLog/2.0' and type 'Microsoft.TestPlatform.Extensions.EventLogCollector.EventLogDataCollector, Microsoft.TestPlatform.Extensions.EventLogCollector, Version=15.0.0.0, Culture=neutral, PublicKeyToken=b03f5f7f11d50a3a' inside file 'C:\Program Files\dotnet\sdk\8.0.403\Extensions\Microsoft.TestPlatform.Extensions.EventLogCollector.dll'
TpTrace Verbose: 0 : 22132, 1, 2025/02/16, 22:41:03.508, 2356425504067, datacollector.dll, TestPluginCache: Discovered the extensions using extension path 'C:\Program Files\dotnet\sdk\8.0.403\Extensions\Microsoft.TestPlatform.Extensions.BlameDataCollector.dll,C:\Program Files\dotnet\sdk\8.0.403\Extensions\Microsoft.TestPlatform.Extensions.EventLogCollector.dll'.
TpTrace Verbose: 0 : 22132, 1, 2025/02/16, 22:41:03.508, 2356425504387, datacollector.dll, TestPluginCache: Discoverers are ''.
TpTrace Verbose: 0 : 22132, 1, 2025/02/16, 22:41:03.508, 2356425504547, datacollector.dll, TestPluginCache: Executors are ''.
TpTrace Verbose: 0 : 22132, 1, 2025/02/16, 22:41:03.508, 2356425504683, datacollector.dll, TestPluginCache: Executors2 are ''.
TpTrace Verbose: 0 : 22132, 1, 2025/02/16, 22:41:03.508, 2356425504890, datacollector.dll, TestPluginCache: Setting providers are ''.
TpTrace Verbose: 0 : 22132, 1, 2025/02/16, 22:41:03.508, 2356425505034, datacollector.dll, TestPluginCache: Loggers are ''.
TpTrace Verbose: 0 : 22132, 1, 2025/02/16, 22:41:03.508, 2356425505169, datacollector.dll, TestPluginCache: TestHosts are ''.
TpTrace Verbose: 0 : 22132, 1, 2025/02/16, 22:41:03.508, 2356425506286, datacollector.dll, TestPluginCache: DataCollectors are 'datacollector://microsoft/TestPlatform/Extensions/Blame/v1,datacollector://microsoft/EventLog/2.0'.
TpTrace Information: 0 : 22132, 1, 2025/02/16, 22:41:03.509, 2356425515604, datacollector.dll, TestPluginManager.CreateTestExtension: Attempting to load test extension: Microsoft.TestPlatform.Extensions.BlameDataCollector.BlameCollector
TpTrace Information: 0 : 22132, 1, 2025/02/16, 22:41:03.511, 2356425534068, datacollector.dll, [MonitorPostmortemDump]Monitor enabled: 'False'
TpTrace Verbose: 0 : 22132, 1, 2025/02/16, 22:41:03.512, 2356425538926, datacollector.dll, MulticastDelegateUtilities.SafeInvoke: DataCollectionEvents.SessionStart: Invoking callbacks was skipped because there are no subscribers.
TpTrace Information: 0 : 22132, 1, 2025/02/16, 22:41:03.512, 2356425542067, datacollector.dll, Listening on Endpoint : 127.0.0.1:55968
TpTrace Information: 0 : 22132, 1, 2025/02/16, 22:41:03.516, 2356425579925, datacollector.dll, DataCollectionRequestHandler.ProcessRequests : DataCollection started.
TpTrace Information: 0 : 22132, 1, 2025/02/16, 22:41:03.526, 2356425681602, datacollector.dll, DataCollectionRequestHandler.ProcessRequests: Datacollector received message: (DataCollection.TestHostLaunched) -> {"MessageType":"DataCollection.TestHostLaunched","Payload":{"ProcessId":23012}}
TpTrace Verbose: 0 : 22132, 1, 2025/02/16, 22:41:03.527, 2356425695400, datacollector.dll, MulticastDelegateUtilities.SafeInvoke: DataCollectionEvents.TestHostLaunched: Invoking callback 1/1 for Microsoft.TestPlatform.Extensions.BlameDataCollector.BlameCollector., took 0 ms.
TpTrace Information: 0 : 22132, 7, 2025/02/16, 22:41:03.664, 2356427060101, datacollector.dll, Using the buffer size of 16384 bytes
TpTrace Verbose: 0 : 22132, 9, 2025/02/16, 22:41:03.664, 2356427060101, datacollector.dll, SocketCommunicationManager.WaitForClientConnection took: 149 ms, with 90000 ms timeout, and finished with True.
TpTrace Information: 0 : 22132, 7, 2025/02/16, 22:41:03.664, 2356427061182, datacollector.dll, Accepted Client request and set the flag
TpTrace Information: 0 : 22132, 9, 2025/02/16, 22:41:04.002, 2356430441788, datacollector.dll, DataCollectionTestCaseEventHandler: Test case starting.
TpTrace Information: 0 : 22132, 9, 2025/02/16, 22:41:04.033, 2356430755586, datacollector.dll, BlameCollector.EventsTestCaseStart: Test Case Start
TpTrace Verbose: 0 : 22132, 9, 2025/02/16, 22:41:04.033, 2356430757163, datacollector.dll, MulticastDelegateUtilities.SafeInvoke: DataCollectionEvents.TestCaseStart: Invoking callback 1/1 for Microsoft.TestPlatform.Extensions.BlameDataCollector.BlameCollector., took 0 ms.
TpTrace Information: 0 : 22132, 9, 2025/02/16, 22:41:04.034, 2356430758784, datacollector.dll, DataCollectionTestCaseEventHandler: Test case 'TestNegativeFuelFlow - 9ccda4b2-0c65-9c5a-f56e-4038547d6c86' started.
TpTrace Information: 0 : 22132, 9, 2025/02/16, 22:41:04.058, 2356431006735, datacollector.dll, DataCollectionTestCaseEventHandler: Test case completing.
TpTrace Information: 0 : 22132, 9, 2025/02/16, 22:41:04.062, 2356431040529, datacollector.dll, BlameCollector.EventsTestCaseEnd: Test Case End
TpTrace Verbose: 0 : 22132, 9, 2025/02/16, 22:41:04.062, 2356431042137, datacollector.dll, MulticastDelegateUtilities.SafeInvoke: DataCollectionEvents.TestCaseEnd: Invoking callback 1/1 for Microsoft.TestPlatform.Extensions.BlameDataCollector.BlameCollector., took 0 ms.
TpTrace Information: 0 : 22132, 9, 2025/02/16, 22:41:04.063, 2356431055548, datacollector.dll, DataCollectionTestCaseEventHandler: Test case 'TestNegativeFuelFlow - 9ccda4b2-0c65-9c5a-f56e-4038547d6c86' completed
TpTrace Information: 0 : 22132, 9, 2025/02/16, 22:41:04.070, 2356431118021, datacollector.dll, DataCollectionTestCaseEventHandler: Test case starting.
TpTrace Information: 0 : 22132, 9, 2025/02/16, 22:41:04.070, 2356431126748, datacollector.dll, BlameCollector.EventsTestCaseStart: Test Case Start
TpTrace Verbose: 0 : 22132, 9, 2025/02/16, 22:41:04.071, 2356431127396, datacollector.dll, MulticastDelegateUtilities.SafeInvoke: DataCollectionEvents.TestCaseStart: Invoking callback 1/1 for Microsoft.TestPlatform.Extensions.BlameDataCollector.BlameCollector., took 0 ms.
TpTrace Information: 0 : 22132, 9, 2025/02/16, 22:41:04.071, 2356431128371, datacollector.dll, DataCollectionTestCaseEventHandler: Test case 'TestNegativeFuelVolume - cc51f29e-dd25-9fec-5d30-b1af29ffed63' started.
TpTrace Information: 0 : 22132, 9, 2025/02/16, 22:41:04.072, 2356431139827, datacollector.dll, DataCollectionTestCaseEventHandler: Test case completing.
TpTrace Information: 0 : 22132, 9, 2025/02/16, 22:41:04.072, 2356431146631, datacollector.dll, BlameCollector.EventsTestCaseEnd: Test Case End
TpTrace Verbose: 0 : 22132, 9, 2025/02/16, 22:41:04.072, 2356431147086, datacollector.dll, MulticastDelegateUtilities.SafeInvoke: DataCollectionEvents.TestCaseEnd: Invoking callback 1/1 for Microsoft.TestPlatform.Extensions.BlameDataCollector.BlameCollector., took 0 ms.
TpTrace Information: 0 : 22132, 9, 2025/02/16, 22:41:04.073, 2356431148066, datacollector.dll, DataCollectionTestCaseEventHandler: Test case 'TestNegativeFuelVolume - cc51f29e-dd25-9fec-5d30-b1af29ffed63' completed
TpTrace Information: 0 : 22132, 9, 2025/02/16, 22:41:04.073, 2356431155616, datacollector.dll, DataCollectionTestCaseEventHandler: Test case starting.
TpTrace Information: 0 : 22132, 9, 2025/02/16, 22:41:04.074, 2356431160090, datacollector.dll, BlameCollector.EventsTestCaseStart: Test Case Start
TpTrace Verbose: 0 : 22132, 9, 2025/02/16, 22:41:04.074, 2356431160515, datacollector.dll, MulticastDelegateUtilities.SafeInvoke: DataCollectionEvents.TestCaseStart: Invoking callback 1/1 for Microsoft.TestPlatform.Extensions.BlameDataCollector.BlameCollector., took 0 ms.
TpTrace Information: 0 : 22132, 9, 2025/02/16, 22:41:04.074, 2356431161036, datacollector.dll, DataCollectionTestCaseEventHandler: Test case 'TestVoidConstructor - 43f4c6c8-4059-aa24-741b-b7a2734bbdb1' started.
TpTrace Information: 0 : 22132, 9, 2025/02/16, 22:41:04.076, 2356431184841, datacollector.dll, DataCollectionTestCaseEventHandler: Test case completing.
TpTrace Information: 0 : 22132, 9, 2025/02/16, 22:41:04.077, 2356431190971, datacollector.dll, BlameCollector.EventsTestCaseEnd: Test Case End
TpTrace Verbose: 0 : 22132, 9, 2025/02/16, 22:41:04.077, 2356431191410, datacollector.dll, MulticastDelegateUtilities.SafeInvoke: DataCollectionEvents.TestCaseEnd: Invoking callback 1/1 for Microsoft.TestPlatform.Extensions.BlameDataCollector.BlameCollector., took 0 ms.
TpTrace Information: 0 : 22132, 9, 2025/02/16, 22:41:04.077, 2356431192255, datacollector.dll, DataCollectionTestCaseEventHandler: Test case 'TestVoidConstructor - 43f4c6c8-4059-aa24-741b-b7a2734bbdb1' completed
TpTrace Information: 0 : 22132, 9, 2025/02/16, 22:41:04.077, 2356431197087, datacollector.dll, DataCollectionTestCaseEventHandler: Test case starting.
TpTrace Information: 0 : 22132, 9, 2025/02/16, 22:41:04.078, 2356431202377, datacollector.dll, BlameCollector.EventsTestCaseStart: Test Case Start
TpTrace Verbose: 0 : 22132, 9, 2025/02/16, 22:41:04.078, 2356431203011, datacollector.dll, MulticastDelegateUtilities.SafeInvoke: DataCollectionEvents.TestCaseStart: Invoking callback 1/1 for Microsoft.TestPlatform.Extensions.BlameDataCollector.BlameCollector., took 0 ms.
TpTrace Information: 0 : 22132, 9, 2025/02/16, 22:41:04.078, 2356431203829, datacollector.dll, DataCollectionTestCaseEventHandler: Test case 'TestConstructor - 0f6f53f5-bdef-13cc-a69b-7c0712153ea0' started.
TpTrace Information: 0 : 22132, 9, 2025/02/16, 22:41:04.079, 2356431210542, datacollector.dll, DataCollectionTestCaseEventHandler: Test case completing.
TpTrace Information: 0 : 22132, 9, 2025/02/16, 22:41:04.079, 2356431214934, datacollector.dll, BlameCollector.EventsTestCaseEnd: Test Case End
TpTrace Verbose: 0 : 22132, 9, 2025/02/16, 22:41:04.079, 2356431215298, datacollector.dll, MulticastDelegateUtilities.SafeInvoke: DataCollectionEvents.TestCaseEnd: Invoking callback 1/1 for Microsoft.TestPlatform.Extensions.BlameDataCollector.BlameCollector., took 0 ms.
TpTrace Information: 0 : 22132, 9, 2025/02/16, 22:41:04.079, 2356431215931, datacollector.dll, DataCollectionTestCaseEventHandler: Test case 'TestConstructor - 0f6f53f5-bdef-13cc-a69b-7c0712153ea0' completed
TpTrace Information: 0 : 22132, 9, 2025/02/16, 22:41:04.080, 2356431221004, datacollector.dll, DataCollectionTestCaseEventHandler: Test case starting.
TpTrace Information: 0 : 22132, 9, 2025/02/16, 22:41:04.080, 2356431225270, datacollector.dll, BlameCollector.EventsTestCaseStart: Test Case Start
TpTrace Verbose: 0 : 22132, 9, 2025/02/16, 22:41:04.080, 2356431225678, datacollector.dll, MulticastDelegateUtilities.SafeInvoke: DataCollectionEvents.TestCaseStart: Invoking callback 1/1 for Microsoft.TestPlatform.Extensions.BlameDataCollector.BlameCollector., took 0 ms.
TpTrace Information: 0 : 22132, 9, 2025/02/16, 22:41:04.080, 2356431226164, datacollector.dll, DataCollectionTestCaseEventHandler: Test case 'TestCopyConstructor - 939edaa8-3ddb-314d-d516-bb43cadc7db0' started.
TpTrace Information: 0 : 22132, 9, 2025/02/16, 22:41:04.081, 2356431235802, datacollector.dll, DataCollectionTestCaseEventHandler: Test case completing.
TpTrace Information: 0 : 22132, 9, 2025/02/16, 22:41:04.082, 2356431239967, datacollector.dll, BlameCollector.EventsTestCaseEnd: Test Case End
TpTrace Verbose: 0 : 22132, 9, 2025/02/16, 22:41:04.082, 2356431240306, datacollector.dll, MulticastDelegateUtilities.SafeInvoke: DataCollectionEvents.TestCaseEnd: Invoking callback 1/1 for Microsoft.TestPlatform.Extensions.BlameDataCollector.BlameCollector., took 0 ms.
TpTrace Information: 0 : 22132, 9, 2025/02/16, 22:41:04.082, 2356431240901, datacollector.dll, DataCollectionTestCaseEventHandler: Test case 'TestCopyConstructor - 939edaa8-3ddb-314d-d516-bb43cadc7db0' completed
TpTrace Information: 0 : 22132, 9, 2025/02/16, 22:41:04.082, 2356431245480, datacollector.dll, DataCollectionTestCaseEventHandler: Test case starting.
TpTrace Information: 0 : 22132, 9, 2025/02/16, 22:41:04.083, 2356431249824, datacollector.dll, BlameCollector.EventsTestCaseStart: Test Case Start
TpTrace Verbose: 0 : 22132, 9, 2025/02/16, 22:41:04.083, 2356431250171, datacollector.dll, MulticastDelegateUtilities.SafeInvoke: DataCollectionEvents.TestCaseStart: Invoking callback 1/1 for Microsoft.TestPlatform.Extensions.BlameDataCollector.BlameCollector., took 0 ms.
TpTrace Information: 0 : 22132, 9, 2025/02/16, 22:41:04.083, 2356431250624, datacollector.dll, DataCollectionTestCaseEventHandler: Test case 'TestCopyConstructorWithNull - c209977b-0d01-8413-f30f-8b3965d37e36' started.
TpTrace Information: 0 : 22132, 9, 2025/02/16, 22:41:04.100, 2356431425514, datacollector.dll, DataCollectionTestCaseEventHandler: Test case completing.
TpTrace Information: 0 : 22132, 9, 2025/02/16, 22:41:04.101, 2356431434878, datacollector.dll, BlameCollector.EventsTestCaseEnd: Test Case End
TpTrace Verbose: 0 : 22132, 9, 2025/02/16, 22:41:04.101, 2356431435633, datacollector.dll, MulticastDelegateUtilities.SafeInvoke: DataCollectionEvents.TestCaseEnd: Invoking callback 1/1 for Microsoft.TestPlatform.Extensions.BlameDataCollector.BlameCollector., took 0 ms.
TpTrace Information: 0 : 22132, 9, 2025/02/16, 22:41:04.101, 2356431436623, datacollector.dll, DataCollectionTestCaseEventHandler: Test case 'TestCopyConstructorWithNull - c209977b-0d01-8413-f30f-8b3965d37e36' completed
TpTrace Information: 0 : 22132, 9, 2025/02/16, 22:41:04.102, 2356431443945, datacollector.dll, DataCollectionTestCaseEventHandler: Test case starting.
TpTrace Information: 0 : 22132, 9, 2025/02/16, 22:41:04.103, 2356431449128, datacollector.dll, BlameCollector.EventsTestCaseStart: Test Case Start
TpTrace Verbose: 0 : 22132, 9, 2025/02/16, 22:41:04.103, 2356431449577, datacollector.dll, MulticastDelegateUtilities.SafeInvoke: DataCollectionEvents.TestCaseStart: Invoking callback 1/1 for Microsoft.TestPlatform.Extensions.BlameDataCollector.BlameCollector., took 0 ms.
TpTrace Information: 0 : 22132, 9, 2025/02/16, 22:41:04.103, 2356431450133, datacollector.dll, DataCollectionTestCaseEventHandler: Test case 'TestCalculateRange - 8d6a231b-8a16-ac49-8c4b-024ad5dd0a4d' started.
TpTrace Information: 0 : 22132, 9, 2025/02/16, 22:41:04.104, 2356431462196, datacollector.dll, DataCollectionTestCaseEventHandler: Test case completing.
TpTrace Information: 0 : 22132, 9, 2025/02/16, 22:41:04.105, 2356431469289, datacollector.dll, BlameCollector.EventsTestCaseEnd: Test Case End
TpTrace Verbose: 0 : 22132, 9, 2025/02/16, 22:41:04.105, 2356431469932, datacollector.dll, MulticastDelegateUtilities.SafeInvoke: DataCollectionEvents.TestCaseEnd: Invoking callback 1/1 for Microsoft.TestPlatform.Extensions.BlameDataCollector.BlameCollector., took 0 ms.
TpTrace Information: 0 : 22132, 9, 2025/02/16, 22:41:04.105, 2356431470624, datacollector.dll, DataCollectionTestCaseEventHandler: Test case 'TestCalculateRange - 8d6a231b-8a16-ac49-8c4b-024ad5dd0a4d' completed
TpTrace Information: 0 : 22132, 9, 2025/02/16, 22:41:04.105, 2356431476170, datacollector.dll, DataCollectionTestCaseEventHandler: Test case starting.
TpTrace Information: 0 : 22132, 9, 2025/02/16, 22:41:04.106, 2356431482246, datacollector.dll, BlameCollector.EventsTestCaseStart: Test Case Start
TpTrace Verbose: 0 : 22132, 9, 2025/02/16, 22:41:04.106, 2356431482703, datacollector.dll, MulticastDelegateUtilities.SafeInvoke: DataCollectionEvents.TestCaseStart: Invoking callback 1/1 for Microsoft.TestPlatform.Extensions.BlameDataCollector.BlameCollector., took 0 ms.
TpTrace Information: 0 : 22132, 9, 2025/02/16, 22:41:04.106, 2356431483485, datacollector.dll, DataCollectionTestCaseEventHandler: Test case 'TestStCalculateRange - 1d6c3749-b9ef-424d-a70f-a0c454592d28' started.
TpTrace Information: 0 : 22132, 9, 2025/02/16, 22:41:04.107, 2356431492614, datacollector.dll, DataCollectionTestCaseEventHandler: Test case completing.
TpTrace Information: 0 : 22132, 9, 2025/02/16, 22:41:04.108, 2356431498018, datacollector.dll, BlameCollector.EventsTestCaseEnd: Test Case End
TpTrace Verbose: 0 : 22132, 9, 2025/02/16, 22:41:04.108, 2356431498401, datacollector.dll, MulticastDelegateUtilities.SafeInvoke: DataCollectionEvents.TestCaseEnd: Invoking callback 1/1 for Microsoft.TestPlatform.Extensions.BlameDataCollector.BlameCollector., took 0 ms.
TpTrace Information: 0 : 22132, 9, 2025/02/16, 22:41:04.108, 2356431499008, datacollector.dll, DataCollectionTestCaseEventHandler: Test case 'TestStCalculateRange - 1d6c3749-b9ef-424d-a70f-a0c454592d28' completed
TpTrace Information: 0 : 22132, 9, 2025/02/16, 22:41:04.108, 2356431504507, datacollector.dll, DataCollectionTestCaseEventHandler: Test case starting.
TpTrace Information: 0 : 22132, 9, 2025/02/16, 22:41:04.109, 2356431509125, datacollector.dll, BlameCollector.EventsTestCaseStart: Test Case Start
TpTrace Verbose: 0 : 22132, 9, 2025/02/16, 22:41:04.109, 2356431509498, datacollector.dll, MulticastDelegateUtilities.SafeInvoke: DataCollectionEvents.TestCaseStart: Invoking callback 1/1 for Microsoft.TestPlatform.Extensions.BlameDataCollector.BlameCollector., took 0 ms.
TpTrace Information: 0 : 22132, 9, 2025/02/16, 22:41:04.109, 2356431510149, datacollector.dll, DataCollectionTestCaseEventHandler: Test case 'TestIncrementOperator - 5195a1a4-1e74-2e09-0a53-e48424960204' started.
TpTrace Information: 0 : 22132, 9, 2025/02/16, 22:41:04.109, 2356431517042, datacollector.dll, DataCollectionTestCaseEventHandler: Test case completing.
TpTrace Information: 0 : 22132, 9, 2025/02/16, 22:41:04.110, 2356431521435, datacollector.dll, BlameCollector.EventsTestCaseEnd: Test Case End
TpTrace Verbose: 0 : 22132, 9, 2025/02/16, 22:41:04.110, 2356431521785, datacollector.dll, MulticastDelegateUtilities.SafeInvoke: DataCollectionEvents.TestCaseEnd: Invoking callback 1/1 for Microsoft.TestPlatform.Extensions.BlameDataCollector.BlameCollector., took 0 ms.
TpTrace Information: 0 : 22132, 9, 2025/02/16, 22:41:04.110, 2356431522376, datacollector.dll, DataCollectionTestCaseEventHandler: Test case 'TestIncrementOperator - 5195a1a4-1e74-2e09-0a53-e48424960204' completed
TpTrace Information: 0 : 22132, 9, 2025/02/16, 22:41:04.132, 2356431740955, datacollector.dll, DataCollectionTestCaseEventHandler: Test case starting.
TpTrace Information: 0 : 22132, 9, 2025/02/16, 22:41:04.133, 2356431748667, datacollector.dll, BlameCollector.EventsTestCaseStart: Test Case Start
TpTrace Verbose: 0 : 22132, 9, 2025/02/16, 22:41:04.133, 2356431749218, datacollector.dll, MulticastDelegateUtilities.SafeInvoke: DataCollectionEvents.TestCaseStart: Invoking callback 1/1 for Microsoft.TestPlatform.Extensions.BlameDataCollector.BlameCollector., took 0 ms.
TpTrace Information: 0 : 22132, 9, 2025/02/16, 22:41:04.133, 2356431749953, datacollector.dll, DataCollectionTestCaseEventHandler: Test case 'TestDecrementOperator - c7c90630-9bbc-cef0-68c2-f5454707d6e7' started.
TpTrace Information: 0 : 22132, 9, 2025/02/16, 22:41:04.134, 2356431758101, datacollector.dll, DataCollectionTestCaseEventHandler: Test case completing.
TpTrace Information: 0 : 22132, 9, 2025/02/16, 22:41:04.134, 2356431762782, datacollector.dll, BlameCollector.EventsTestCaseEnd: Test Case End
TpTrace Verbose: 0 : 22132, 9, 2025/02/16, 22:41:04.134, 2356431763159, datacollector.dll, MulticastDelegateUtilities.SafeInvoke: DataCollectionEvents.TestCaseEnd: Invoking callback 1/1 for Microsoft.TestPlatform.Extensions.BlameDataCollector.BlameCollector., took 0 ms.
TpTrace Information: 0 : 22132, 9, 2025/02/16, 22:41:04.134, 2356431764023, datacollector.dll, DataCollectionTestCaseEventHandler: Test case 'TestDecrementOperator - c7c90630-9bbc-cef0-68c2-f5454707d6e7' completed
TpTrace Information: 0 : 22132, 9, 2025/02/16, 22:41:04.135, 2356431772509, datacollector.dll, DataCollectionTestCaseEventHandler: Test case starting.
TpTrace Information: 0 : 22132, 9, 2025/02/16, 22:41:04.136, 2356431777742, datacollector.dll, BlameCollector.EventsTestCaseStart: Test Case Start
TpTrace Verbose: 0 : 22132, 9, 2025/02/16, 22:41:04.136, 2356431778135, datacollector.dll, MulticastDelegateUtilities.SafeInvoke: DataCollectionEvents.TestCaseStart: Invoking callback 1/1 for Microsoft.TestPlatform.Extensions.BlameDataCollector.BlameCollector., took 0 ms.
TpTrace Information: 0 : 22132, 9, 2025/02/16, 22:41:04.136, 2356431778684, datacollector.dll, DataCollectionTestCaseEventHandler: Test case 'TestExplicitBool_True - 8461ffa6-9d8e-d295-2191-eecc0f7a4ae9' started.
TpTrace Information: 0 : 22132, 9, 2025/02/16, 22:41:04.137, 2356431787681, datacollector.dll, DataCollectionTestCaseEventHandler: Test case completing.
TpTrace Information: 0 : 22132, 9, 2025/02/16, 22:41:04.137, 2356431792684, datacollector.dll, BlameCollector.EventsTestCaseEnd: Test Case End
TpTrace Verbose: 0 : 22132, 9, 2025/02/16, 22:41:04.137, 2356431793091, datacollector.dll, MulticastDelegateUtilities.SafeInvoke: DataCollectionEvents.TestCaseEnd: Invoking callback 1/1 for Microsoft.TestPlatform.Extensions.BlameDataCollector.BlameCollector., took 0 ms.
TpTrace Information: 0 : 22132, 9, 2025/02/16, 22:41:04.137, 2356431793842, datacollector.dll, DataCollectionTestCaseEventHandler: Test case 'TestExplicitBool_True - 8461ffa6-9d8e-d295-2191-eecc0f7a4ae9' completed
TpTrace Information: 0 : 22132, 9, 2025/02/16, 22:41:04.138, 2356431799135, datacollector.dll, DataCollectionTestCaseEventHandler: Test case starting.
TpTrace Information: 0 : 22132, 9, 2025/02/16, 22:41:04.138, 2356431804464, datacollector.dll, BlameCollector.EventsTestCaseStart: Test Case Start
TpTrace Verbose: 0 : 22132, 9, 2025/02/16, 22:41:04.138, 2356431804832, datacollector.dll, MulticastDelegateUtilities.SafeInvoke: DataCollectionEvents.TestCaseStart: Invoking callback 1/1 for Microsoft.TestPlatform.Extensions.BlameDataCollector.BlameCollector., took 0 ms.
TpTrace Information: 0 : 22132, 9, 2025/02/16, 22:41:04.138, 2356431805843, datacollector.dll, DataCollectionTestCaseEventHandler: Test case 'TestExplicitBool_False - ea792eb1-fce9-c073-ea53-4e4e95e2ecac' started.
TpTrace Information: 0 : 22132, 9, 2025/02/16, 22:41:04.139, 2356431811802, datacollector.dll, DataCollectionTestCaseEventHandler: Test case completing.
TpTrace Information: 0 : 22132, 9, 2025/02/16, 22:41:04.139, 2356431816021, datacollector.dll, BlameCollector.EventsTestCaseEnd: Test Case End
TpTrace Verbose: 0 : 22132, 9, 2025/02/16, 22:41:04.139, 2356431816363, datacollector.dll, MulticastDelegateUtilities.SafeInvoke: DataCollectionEvents.TestCaseEnd: Invoking callback 1/1 for Microsoft.TestPlatform.Extensions.BlameDataCollector.BlameCollector., took 0 ms.
TpTrace Information: 0 : 22132, 9, 2025/02/16, 22:41:04.139, 2356431816937, datacollector.dll, DataCollectionTestCaseEventHandler: Test case 'TestExplicitBool_False - ea792eb1-fce9-c073-ea53-4e4e95e2ecac' completed
TpTrace Information: 0 : 22132, 9, 2025/02/16, 22:41:04.140, 2356431821636, datacollector.dll, DataCollectionTestCaseEventHandler: Test case starting.
TpTrace Information: 0 : 22132, 9, 2025/02/16, 22:41:04.140, 2356431825985, datacollector.dll, BlameCollector.EventsTestCaseStart: Test Case Start
TpTrace Verbose: 0 : 22132, 9, 2025/02/16, 22:41:04.140, 2356431826329, datacollector.dll, MulticastDelegateUtilities.SafeInvoke: DataCollectionEvents.TestCaseStart: Invoking callback 1/1 for Microsoft.TestPlatform.Extensions.BlameDataCollector.BlameCollector., took 0 ms.
TpTrace Information: 0 : 22132, 9, 2025/02/16, 22:41:04.140, 2356431826781, datacollector.dll, DataCollectionTestCaseEventHandler: Test case 'TestExplicitBool_Null - b24be11d-ea9f-c83a-038e-70048e3b9587' started.
TpTrace Information: 0 : 22132, 9, 2025/02/16, 22:41:04.142, 2356431838966, datacollector.dll, DataCollectionTestCaseEventHandler: Test case completing.
TpTrace Information: 0 : 22132, 9, 2025/02/16, 22:41:04.142, 2356431845109, datacollector.dll, BlameCollector.EventsTestCaseEnd: Test Case End
TpTrace Verbose: 0 : 22132, 9, 2025/02/16, 22:41:04.142, 2356431845642, datacollector.dll, MulticastDelegateUtilities.SafeInvoke: DataCollectionEvents.TestCaseEnd: Invoking callback 1/1 for Microsoft.TestPlatform.Extensions.BlameDataCollector.BlameCollector., took 0 ms.
TpTrace Information: 0 : 22132, 9, 2025/02/16, 22:41:04.142, 2356431846302, datacollector.dll, DataCollectionTestCaseEventHandler: Test case 'TestExplicitBool_Null - b24be11d-ea9f-c83a-038e-70048e3b9587' completed
TpTrace Information: 0 : 22132, 9, 2025/02/16, 22:41:04.143, 2356431852947, datacollector.dll, DataCollectionTestCaseEventHandler: Test case starting.
TpTrace Information: 0 : 22132, 9, 2025/02/16, 22:41:04.144, 2356431858463, datacollector.dll, BlameCollector.EventsTestCaseStart: Test Case Start
TpTrace Verbose: 0 : 22132, 9, 2025/02/16, 22:41:04.144, 2356431858845, datacollector.dll, MulticastDelegateUtilities.SafeInvoke: DataCollectionEvents.TestCaseStart: Invoking callback 1/1 for Microsoft.TestPlatform.Extensions.BlameDataCollector.BlameCollector., took 0 ms.
TpTrace Information: 0 : 22132, 9, 2025/02/16, 22:41:04.144, 2356431859310, datacollector.dll, DataCollectionTestCaseEventHandler: Test case 'TestImplicitDouble_True - 738e8199-81bd-270e-3040-883109b3db44' started.
TpTrace Information: 0 : 22132, 9, 2025/02/16, 22:41:04.148, 2356431898270, datacollector.dll, DataCollectionTestCaseEventHandler: Test case completing.
TpTrace Information: 0 : 22132, 9, 2025/02/16, 22:41:04.148, 2356431904061, datacollector.dll, BlameCollector.EventsTestCaseEnd: Test Case End
TpTrace Verbose: 0 : 22132, 9, 2025/02/16, 22:41:04.148, 2356431904573, datacollector.dll, MulticastDelegateUtilities.SafeInvoke: DataCollectionEvents.TestCaseEnd: Invoking callback 1/1 for Microsoft.TestPlatform.Extensions.BlameDataCollector.BlameCollector., took 0 ms.
TpTrace Information: 0 : 22132, 9, 2025/02/16, 22:41:04.148, 2356431905281, datacollector.dll, DataCollectionTestCaseEventHandler: Test case 'TestImplicitDouble_True - 738e8199-81bd-270e-3040-883109b3db44' completed
TpTrace Information: 0 : 22132, 9, 2025/02/16, 22:41:04.149, 2356431911030, datacollector.dll, DataCollectionTestCaseEventHandler: Test case starting.
TpTrace Information: 0 : 22132, 9, 2025/02/16, 22:41:04.149, 2356431916646, datacollector.dll, BlameCollector.EventsTestCaseStart: Test Case Start
TpTrace Verbose: 0 : 22132, 9, 2025/02/16, 22:41:04.149, 2356431917097, datacollector.dll, MulticastDelegateUtilities.SafeInvoke: DataCollectionEvents.TestCaseStart: Invoking callback 1/1 for Microsoft.TestPlatform.Extensions.BlameDataCollector.BlameCollector., took 0 ms.
TpTrace Information: 0 : 22132, 9, 2025/02/16, 22:41:04.150, 2356431917766, datacollector.dll, DataCollectionTestCaseEventHandler: Test case 'TestImplicitDouble_False - c7096b5c-b1dc-dc3e-0079-fb468ada5507' started.
TpTrace Information: 0 : 22132, 9, 2025/02/16, 22:41:04.150, 2356431923969, datacollector.dll, DataCollectionTestCaseEventHandler: Test case completing.
TpTrace Information: 0 : 22132, 9, 2025/02/16, 22:41:04.151, 2356431930353, datacollector.dll, BlameCollector.EventsTestCaseEnd: Test Case End
TpTrace Verbose: 0 : 22132, 9, 2025/02/16, 22:41:04.151, 2356431930853, datacollector.dll, MulticastDelegateUtilities.SafeInvoke: DataCollectionEvents.TestCaseEnd: Invoking callback 1/1 for Microsoft.TestPlatform.Extensions.BlameDataCollector.BlameCollector., took 0 ms.
TpTrace Information: 0 : 22132, 9, 2025/02/16, 22:41:04.151, 2356431931787, datacollector.dll, DataCollectionTestCaseEventHandler: Test case 'TestImplicitDouble_False - c7096b5c-b1dc-dc3e-0079-fb468ada5507' completed
TpTrace Information: 0 : 22132, 9, 2025/02/16, 22:41:04.152, 2356431938700, datacollector.dll, DataCollectionTestCaseEventHandler: Test case starting.
TpTrace Information: 0 : 22132, 9, 2025/02/16, 22:41:04.153, 2356431947369, datacollector.dll, BlameCollector.EventsTestCaseStart: Test Case Start
TpTrace Verbose: 0 : 22132, 9, 2025/02/16, 22:41:04.153, 2356431947907, datacollector.dll, MulticastDelegateUtilities.SafeInvoke: DataCollectionEvents.TestCaseStart: Invoking callback 1/1 for Microsoft.TestPlatform.Extensions.BlameDataCollector.BlameCollector., took 0 ms.
TpTrace Information: 0 : 22132, 9, 2025/02/16, 22:41:04.153, 2356431948756, datacollector.dll, DataCollectionTestCaseEventHandler: Test case 'TestLeftAddOperator - 50c0f66f-b4e1-7e6f-2920-1f6893a5a221' started.
TpTrace Information: 0 : 22132, 9, 2025/02/16, 22:41:04.153, 2356431956024, datacollector.dll, DataCollectionTestCaseEventHandler: Test case completing.
TpTrace Information: 0 : 22132, 9, 2025/02/16, 22:41:04.154, 2356431961990, datacollector.dll, BlameCollector.EventsTestCaseEnd: Test Case End
TpTrace Verbose: 0 : 22132, 9, 2025/02/16, 22:41:04.154, 2356431962368, datacollector.dll, MulticastDelegateUtilities.SafeInvoke: DataCollectionEvents.TestCaseEnd: Invoking callback 1/1 for Microsoft.TestPlatform.Extensions.BlameDataCollector.BlameCollector., took 0 ms.
TpTrace Information: 0 : 22132, 9, 2025/02/16, 22:41:04.154, 2356431962965, datacollector.dll, DataCollectionTestCaseEventHandler: Test case 'TestLeftAddOperator - 50c0f66f-b4e1-7e6f-2920-1f6893a5a221' completed
TpTrace Information: 0 : 22132, 9, 2025/02/16, 22:41:04.155, 2356431967877, datacollector.dll, DataCollectionTestCaseEventHandler: Test case starting.
TpTrace Information: 0 : 22132, 9, 2025/02/16, 22:41:04.155, 2356431973277, datacollector.dll, BlameCollector.EventsTestCaseStart: Test Case Start
TpTrace Verbose: 0 : 22132, 9, 2025/02/16, 22:41:04.155, 2356431973714, datacollector.dll, MulticastDelegateUtilities.SafeInvoke: DataCollectionEvents.TestCaseStart: Invoking callback 1/1 for Microsoft.TestPlatform.Extensions.BlameDataCollector.BlameCollector., took 0 ms.
TpTrace Information: 0 : 22132, 9, 2025/02/16, 22:41:04.155, 2356431974251, datacollector.dll, DataCollectionTestCaseEventHandler: Test case 'TestRightAddOperator - f8de51b5-a80f-0b57-38a8-ef1ee2cbc406' started.
TpTrace Information: 0 : 22132, 9, 2025/02/16, 22:41:04.156, 2356431982064, datacollector.dll, DataCollectionTestCaseEventHandler: Test case completing.
TpTrace Information: 0 : 22132, 9, 2025/02/16, 22:41:04.157, 2356431987523, datacollector.dll, BlameCollector.EventsTestCaseEnd: Test Case End
TpTrace Verbose: 0 : 22132, 9, 2025/02/16, 22:41:04.157, 2356431987939, datacollector.dll, MulticastDelegateUtilities.SafeInvoke: DataCollectionEvents.TestCaseEnd: Invoking callback 1/1 for Microsoft.TestPlatform.Extensions.BlameDataCollector.BlameCollector., took 0 ms.
TpTrace Information: 0 : 22132, 9, 2025/02/16, 22:41:04.157, 2356431988716, datacollector.dll, DataCollectionTestCaseEventHandler: Test case 'TestRightAddOperator - f8de51b5-a80f-0b57-38a8-ef1ee2cbc406' completed
TpTrace Information: 0 : 22132, 9, 2025/02/16, 22:41:04.157, 2356431993768, datacollector.dll, DataCollectionTestCaseEventHandler: Test case starting.
TpTrace Information: 0 : 22132, 9, 2025/02/16, 22:41:04.158, 2356432000776, datacollector.dll, BlameCollector.EventsTestCaseStart: Test Case Start
TpTrace Verbose: 0 : 22132, 9, 2025/02/16, 22:41:04.158, 2356432001261, datacollector.dll, MulticastDelegateUtilities.SafeInvoke: DataCollectionEvents.TestCaseStart: Invoking callback 1/1 for Microsoft.TestPlatform.Extensions.BlameDataCollector.BlameCollector., took 0 ms.
TpTrace Information: 0 : 22132, 9, 2025/02/16, 22:41:04.158, 2356432001928, datacollector.dll, DataCollectionTestCaseEventHandler: Test case 'TestEqualityOperator_True - 2efc81fb-d984-e50e-abd0-b8fa85e92530' started.
TpTrace Information: 0 : 22132, 9, 2025/02/16, 22:41:04.161, 2356432031224, datacollector.dll, DataCollectionTestCaseEventHandler: Test case completing.
TpTrace Information: 0 : 22132, 9, 2025/02/16, 22:41:04.162, 2356432037521, datacollector.dll, BlameCollector.EventsTestCaseEnd: Test Case End
TpTrace Verbose: 0 : 22132, 9, 2025/02/16, 22:41:04.162, 2356432037944, datacollector.dll, MulticastDelegateUtilities.SafeInvoke: DataCollectionEvents.TestCaseEnd: Invoking callback 1/1 for Microsoft.TestPlatform.Extensions.BlameDataCollector.BlameCollector., took 0 ms.
TpTrace Information: 0 : 22132, 9, 2025/02/16, 22:41:04.162, 2356432038873, datacollector.dll, DataCollectionTestCaseEventHandler: Test case 'TestEqualityOperator_True - 2efc81fb-d984-e50e-abd0-b8fa85e92530' completed
TpTrace Information: 0 : 22132, 9, 2025/02/16, 22:41:04.164, 2356432059862, datacollector.dll, DataCollectionTestCaseEventHandler: Test case starting.
TpTrace Information: 0 : 22132, 9, 2025/02/16, 22:41:04.164, 2356432066967, datacollector.dll, BlameCollector.EventsTestCaseStart: Test Case Start
TpTrace Verbose: 0 : 22132, 9, 2025/02/16, 22:41:04.165, 2356432067491, datacollector.dll, MulticastDelegateUtilities.SafeInvoke: DataCollectionEvents.TestCaseStart: Invoking callback 1/1 for Microsoft.TestPlatform.Extensions.BlameDataCollector.BlameCollector., took 0 ms.
TpTrace Information: 0 : 22132, 9, 2025/02/16, 22:41:04.165, 2356432068109, datacollector.dll, DataCollectionTestCaseEventHandler: Test case 'TestEqualityOperator_False - 53a1a89d-09c6-9fd0-6fe5-4cf01dc59de3' started.
TpTrace Information: 0 : 22132, 9, 2025/02/16, 22:41:04.165, 2356432075445, datacollector.dll, DataCollectionTestCaseEventHandler: Test case completing.
TpTrace Information: 0 : 22132, 9, 2025/02/16, 22:41:04.166, 2356432081530, datacollector.dll, BlameCollector.EventsTestCaseEnd: Test Case End
TpTrace Verbose: 0 : 22132, 9, 2025/02/16, 22:41:04.166, 2356432082170, datacollector.dll, MulticastDelegateUtilities.SafeInvoke: DataCollectionEvents.TestCaseEnd: Invoking callback 1/1 for Microsoft.TestPlatform.Extensions.BlameDataCollector.BlameCollector., took 0 ms.
TpTrace Information: 0 : 22132, 9, 2025/02/16, 22:41:04.166, 2356432083053, datacollector.dll, DataCollectionTestCaseEventHandler: Test case 'TestEqualityOperator_False - 53a1a89d-09c6-9fd0-6fe5-4cf01dc59de3' completed
TpTrace Information: 0 : 22132, 9, 2025/02/16, 22:41:04.167, 2356432088405, datacollector.dll, DataCollectionTestCaseEventHandler: Test case starting.
TpTrace Information: 0 : 22132, 9, 2025/02/16, 22:41:04.167, 2356432094210, datacollector.dll, BlameCollector.EventsTestCaseStart: Test Case Start
TpTrace Verbose: 0 : 22132, 9, 2025/02/16, 22:41:04.167, 2356432094730, datacollector.dll, MulticastDelegateUtilities.SafeInvoke: DataCollectionEvents.TestCaseStart: Invoking callback 1/1 for Microsoft.TestPlatform.Extensions.BlameDataCollector.BlameCollector., took 0 ms.
TpTrace Information: 0 : 22132, 9, 2025/02/16, 22:41:04.167, 2356432095794, datacollector.dll, DataCollectionTestCaseEventHandler: Test case 'TestInequalityOperator_True - 747e6871-d8c3-6eec-7fd5-fef75859783d' started.
TpTrace Information: 0 : 22132, 9, 2025/02/16, 22:41:04.168, 2356432102497, datacollector.dll, DataCollectionTestCaseEventHandler: Test case completing.
TpTrace Information: 0 : 22132, 9, 2025/02/16, 22:41:04.169, 2356432108723, datacollector.dll, BlameCollector.EventsTestCaseEnd: Test Case End
TpTrace Verbose: 0 : 22132, 9, 2025/02/16, 22:41:04.169, 2356432109162, datacollector.dll, MulticastDelegateUtilities.SafeInvoke: DataCollectionEvents.TestCaseEnd: Invoking callback 1/1 for Microsoft.TestPlatform.Extensions.BlameDataCollector.BlameCollector., took 0 ms.
TpTrace Information: 0 : 22132, 9, 2025/02/16, 22:41:04.169, 2356432109823, datacollector.dll, DataCollectionTestCaseEventHandler: Test case 'TestInequalityOperator_True - 747e6871-d8c3-6eec-7fd5-fef75859783d' completed
TpTrace Information: 0 : 22132, 9, 2025/02/16, 22:41:04.169, 2356432115445, datacollector.dll, DataCollectionTestCaseEventHandler: Test case starting.
TpTrace Information: 0 : 22132, 9, 2025/02/16, 22:41:04.170, 2356432121236, datacollector.dll, BlameCollector.EventsTestCaseStart: Test Case Start
TpTrace Verbose: 0 : 22132, 9, 2025/02/16, 22:41:04.170, 2356432121617, datacollector.dll, MulticastDelegateUtilities.SafeInvoke: DataCollectionEvents.TestCaseStart: Invoking callback 1/1 for Microsoft.TestPlatform.Extensions.BlameDataCollector.BlameCollector., took 0 ms.
TpTrace Information: 0 : 22132, 9, 2025/02/16, 22:41:04.170, 2356432122216, datacollector.dll, DataCollectionTestCaseEventHandler: Test case 'TestInequalityOperator_False - c43fbb83-4dea-475b-fc24-8543e4aeb5aa' started.
TpTrace Information: 0 : 22132, 9, 2025/02/16, 22:41:04.171, 2356432130648, datacollector.dll, DataCollectionTestCaseEventHandler: Test case completing.
TpTrace Information: 0 : 22132, 9, 2025/02/16, 22:41:04.171, 2356432137043, datacollector.dll, BlameCollector.EventsTestCaseEnd: Test Case End
TpTrace Verbose: 0 : 22132, 9, 2025/02/16, 22:41:04.172, 2356432137410, datacollector.dll, MulticastDelegateUtilities.SafeInvoke: DataCollectionEvents.TestCaseEnd: Invoking callback 1/1 for Microsoft.TestPlatform.Extensions.BlameDataCollector.BlameCollector., took 0 ms.
TpTrace Information: 0 : 22132, 9, 2025/02/16, 22:41:04.172, 2356432137995, datacollector.dll, DataCollectionTestCaseEventHandler: Test case 'TestInequalityOperator_False - c43fbb83-4dea-475b-fc24-8543e4aeb5aa' completed
TpTrace Information: 0 : 22132, 9, 2025/02/16, 22:41:04.172, 2356432143230, datacollector.dll, DataCollectionTestCaseEventHandler: Test case starting.
TpTrace Information: 0 : 22132, 9, 2025/02/16, 22:41:04.173, 2356432149722, datacollector.dll, BlameCollector.EventsTestCaseStart: Test Case Start
TpTrace Verbose: 0 : 22132, 9, 2025/02/16, 22:41:04.173, 2356432150369, datacollector.dll, MulticastDelegateUtilities.SafeInvoke: DataCollectionEvents.TestCaseStart: Invoking callback 1/1 for Microsoft.TestPlatform.Extensions.BlameDataCollector.BlameCollector., took 0 ms.
TpTrace Information: 0 : 22132, 9, 2025/02/16, 22:41:04.173, 2356432150854, datacollector.dll, DataCollectionTestCaseEventHandler: Test case 'TestEqualMethod_True - adad116c-f9cc-5395-8d7b-3b9c154e94a1' started.
TpTrace Information: 0 : 22132, 9, 2025/02/16, 22:41:04.174, 2356432159859, datacollector.dll, DataCollectionTestCaseEventHandler: Test case completing.
TpTrace Information: 0 : 22132, 9, 2025/02/16, 22:41:04.174, 2356432166705, datacollector.dll, BlameCollector.EventsTestCaseEnd: Test Case End
TpTrace Verbose: 0 : 22132, 9, 2025/02/16, 22:41:04.174, 2356432167134, datacollector.dll, MulticastDelegateUtilities.SafeInvoke: DataCollectionEvents.TestCaseEnd: Invoking callback 1/1 for Microsoft.TestPlatform.Extensions.BlameDataCollector.BlameCollector., took 0 ms.
TpTrace Information: 0 : 22132, 9, 2025/02/16, 22:41:04.175, 2356432167905, datacollector.dll, DataCollectionTestCaseEventHandler: Test case 'TestEqualMethod_True - adad116c-f9cc-5395-8d7b-3b9c154e94a1' completed
TpTrace Information: 0 : 22132, 9, 2025/02/16, 22:41:04.179, 2356432209826, datacollector.dll, DataCollectionTestCaseEventHandler: Test case starting.
TpTrace Information: 0 : 22132, 9, 2025/02/16, 22:41:04.179, 2356432215663, datacollector.dll, BlameCollector.EventsTestCaseStart: Test Case Start
TpTrace Verbose: 0 : 22132, 9, 2025/02/16, 22:41:04.179, 2356432216149, datacollector.dll, MulticastDelegateUtilities.SafeInvoke: DataCollectionEvents.TestCaseStart: Invoking callback 1/1 for Microsoft.TestPlatform.Extensions.BlameDataCollector.BlameCollector., took 0 ms.
TpTrace Information: 0 : 22132, 9, 2025/02/16, 22:41:04.179, 2356432216796, datacollector.dll, DataCollectionTestCaseEventHandler: Test case 'TestEqualMethod_False - 17beee96-f167-65e4-d02a-06b588540c84' started.
TpTrace Information: 0 : 22132, 9, 2025/02/16, 22:41:04.180, 2356432224065, datacollector.dll, DataCollectionTestCaseEventHandler: Test case completing.
TpTrace Information: 0 : 22132, 9, 2025/02/16, 22:41:04.181, 2356432227820, datacollector.dll, BlameCollector.EventsTestCaseEnd: Test Case End
TpTrace Verbose: 0 : 22132, 9, 2025/02/16, 22:41:04.181, 2356432228171, datacollector.dll, MulticastDelegateUtilities.SafeInvoke: DataCollectionEvents.TestCaseEnd: Invoking callback 1/1 for Microsoft.TestPlatform.Extensions.BlameDataCollector.BlameCollector., took 0 ms.
TpTrace Information: 0 : 22132, 9, 2025/02/16, 22:41:04.181, 2356432228759, datacollector.dll, DataCollectionTestCaseEventHandler: Test case 'TestEqualMethod_False - 17beee96-f167-65e4-d02a-06b588540c84' completed
TpTrace Information: 0 : 22132, 9, 2025/02/16, 22:41:04.181, 2356432233426, datacollector.dll, DataCollectionTestCaseEventHandler: Test case starting.
TpTrace Information: 0 : 22132, 9, 2025/02/16, 22:41:04.182, 2356432237425, datacollector.dll, BlameCollector.EventsTestCaseStart: Test Case Start
TpTrace Verbose: 0 : 22132, 9, 2025/02/16, 22:41:04.182, 2356432237789, datacollector.dll, MulticastDelegateUtilities.SafeInvoke: DataCollectionEvents.TestCaseStart: Invoking callback 1/1 for Microsoft.TestPlatform.Extensions.BlameDataCollector.BlameCollector., took 0 ms.
TpTrace Information: 0 : 22132, 9, 2025/02/16, 22:41:04.182, 2356432238265, datacollector.dll, DataCollectionTestCaseEventHandler: Test case 'TestDefaultConstructor - 85d14c8d-f8fd-9c58-2261-abcc10820918' started.
TpTrace Information: 0 : 22132, 9, 2025/02/16, 22:41:04.183, 2356432249636, datacollector.dll, DataCollectionTestCaseEventHandler: Test case completing.
TpTrace Information: 0 : 22132, 9, 2025/02/16, 22:41:04.183, 2356432253362, datacollector.dll, BlameCollector.EventsTestCaseEnd: Test Case End
TpTrace Verbose: 0 : 22132, 9, 2025/02/16, 22:41:04.183, 2356432253760, datacollector.dll, MulticastDelegateUtilities.SafeInvoke: DataCollectionEvents.TestCaseEnd: Invoking callback 1/1 for Microsoft.TestPlatform.Extensions.BlameDataCollector.BlameCollector., took 0 ms.
TpTrace Information: 0 : 22132, 9, 2025/02/16, 22:41:04.183, 2356432254394, datacollector.dll, DataCollectionTestCaseEventHandler: Test case 'TestDefaultConstructor - 85d14c8d-f8fd-9c58-2261-abcc10820918' completed
TpTrace Information: 0 : 22132, 9, 2025/02/16, 22:41:04.184, 2356432259157, datacollector.dll, DataCollectionTestCaseEventHandler: Test case starting.
TpTrace Information: 0 : 22132, 9, 2025/02/16, 22:41:04.184, 2356432263821, datacollector.dll, BlameCollector.EventsTestCaseStart: Test Case Start
TpTrace Verbose: 0 : 22132, 9, 2025/02/16, 22:41:04.184, 2356432264252, datacollector.dll, MulticastDelegateUtilities.SafeInvoke: DataCollectionEvents.TestCaseStart: Invoking callback 1/1 for Microsoft.TestPlatform.Extensions.BlameDataCollector.BlameCollector., took 0 ms.
TpTrace Information: 0 : 22132, 9, 2025/02/16, 22:41:04.184, 2356432264794, datacollector.dll, DataCollectionTestCaseEventHandler: Test case 'TestArrayConstructor_Length - bb11df15-9974-b592-ef67-c55e39e6fd97' started.
TpTrace Information: 0 : 22132, 9, 2025/02/16, 22:41:04.185, 2356432271572, datacollector.dll, DataCollectionTestCaseEventHandler: Test case completing.
TpTrace Information: 0 : 22132, 9, 2025/02/16, 22:41:04.185, 2356432275357, datacollector.dll, BlameCollector.EventsTestCaseEnd: Test Case End
TpTrace Verbose: 0 : 22132, 9, 2025/02/16, 22:41:04.185, 2356432275688, datacollector.dll, MulticastDelegateUtilities.SafeInvoke: DataCollectionEvents.TestCaseEnd: Invoking callback 1/1 for Microsoft.TestPlatform.Extensions.BlameDataCollector.BlameCollector., took 0 ms.
TpTrace Information: 0 : 22132, 9, 2025/02/16, 22:41:04.185, 2356432276231, datacollector.dll, DataCollectionTestCaseEventHandler: Test case 'TestArrayConstructor_Length - bb11df15-9974-b592-ef67-c55e39e6fd97' completed
TpTrace Information: 0 : 22132, 9, 2025/02/16, 22:41:04.186, 2356432281004, datacollector.dll, DataCollectionTestCaseEventHandler: Test case starting.
TpTrace Information: 0 : 22132, 9, 2025/02/16, 22:41:04.186, 2356432284517, datacollector.dll, BlameCollector.EventsTestCaseStart: Test Case Start
TpTrace Verbose: 0 : 22132, 9, 2025/02/16, 22:41:04.186, 2356432284850, datacollector.dll, MulticastDelegateUtilities.SafeInvoke: DataCollectionEvents.TestCaseStart: Invoking callback 1/1 for Microsoft.TestPlatform.Extensions.BlameDataCollector.BlameCollector., took 0 ms.
TpTrace Information: 0 : 22132, 9, 2025/02/16, 22:41:04.186, 2356432285301, datacollector.dll, DataCollectionTestCaseEventHandler: Test case 'TestArrayCopyConstructor - 61b54aa1-b48d-900c-41ff-c051352a83d8' started.
TpTrace Information: 0 : 22132, 9, 2025/02/16, 22:41:04.187, 2356432293932, datacollector.dll, DataCollectionTestCaseEventHandler: Test case completing.
TpTrace Information: 0 : 22132, 9, 2025/02/16, 22:41:04.188, 2356432297478, datacollector.dll, BlameCollector.EventsTestCaseEnd: Test Case End
TpTrace Verbose: 0 : 22132, 9, 2025/02/16, 22:41:04.188, 2356432297801, datacollector.dll, MulticastDelegateUtilities.SafeInvoke: DataCollectionEvents.TestCaseEnd: Invoking callback 1/1 for Microsoft.TestPlatform.Extensions.BlameDataCollector.BlameCollector., took 0 ms.
TpTrace Information: 0 : 22132, 9, 2025/02/16, 22:41:04.188, 2356432298304, datacollector.dll, DataCollectionTestCaseEventHandler: Test case 'TestArrayCopyConstructor - 61b54aa1-b48d-900c-41ff-c051352a83d8' completed
TpTrace Information: 0 : 22132, 9, 2025/02/16, 22:41:04.188, 2356432302598, datacollector.dll, DataCollectionTestCaseEventHandler: Test case starting.
TpTrace Information: 0 : 22132, 9, 2025/02/16, 22:41:04.188, 2356432306084, datacollector.dll, BlameCollector.EventsTestCaseStart: Test Case Start
TpTrace Verbose: 0 : 22132, 9, 2025/02/16, 22:41:04.188, 2356432306413, datacollector.dll, MulticastDelegateUtilities.SafeInvoke: DataCollectionEvents.TestCaseStart: Invoking callback 1/1 for Microsoft.TestPlatform.Extensions.BlameDataCollector.BlameCollector., took 0 ms.
TpTrace Information: 0 : 22132, 9, 2025/02/16, 22:41:04.188, 2356432306860, datacollector.dll, DataCollectionTestCaseEventHandler: Test case 'TestCopyConstructorNull - 3ea69056-293f-06f3-4ba5-7d317eb26ee1' started.
TpTrace Information: 0 : 22132, 9, 2025/02/16, 22:41:04.189, 2356432312426, datacollector.dll, DataCollectionTestCaseEventHandler: Test case completing.
TpTrace Information: 0 : 22132, 9, 2025/02/16, 22:41:04.189, 2356432315929, datacollector.dll, BlameCollector.EventsTestCaseEnd: Test Case End
TpTrace Verbose: 0 : 22132, 9, 2025/02/16, 22:41:04.189, 2356432316252, datacollector.dll, MulticastDelegateUtilities.SafeInvoke: DataCollectionEvents.TestCaseEnd: Invoking callback 1/1 for Microsoft.TestPlatform.Extensions.BlameDataCollector.BlameCollector., took 0 ms.
TpTrace Information: 0 : 22132, 9, 2025/02/16, 22:41:04.189, 2356432316748, datacollector.dll, DataCollectionTestCaseEventHandler: Test case 'TestCopyConstructorNull - 3ea69056-293f-06f3-4ba5-7d317eb26ee1' completed
TpTrace Information: 0 : 22132, 9, 2025/02/16, 22:41:04.191, 2356432332646, datacollector.dll, DataCollectionTestCaseEventHandler: Test case starting.
TpTrace Information: 0 : 22132, 9, 2025/02/16, 22:41:04.192, 2356432338752, datacollector.dll, BlameCollector.EventsTestCaseStart: Test Case Start
TpTrace Verbose: 0 : 22132, 9, 2025/02/16, 22:41:04.192, 2356432339250, datacollector.dll, MulticastDelegateUtilities.SafeInvoke: DataCollectionEvents.TestCaseStart: Invoking callback 1/1 for Microsoft.TestPlatform.Extensions.BlameDataCollector.BlameCollector., took 0 ms.
TpTrace Information: 0 : 22132, 9, 2025/02/16, 22:41:04.192, 2356432339943, datacollector.dll, DataCollectionTestCaseEventHandler: Test case 'TestRandomConstructor - 2acdfc67-f5f7-6770-8409-5b816850736d' started.
TpTrace Information: 0 : 22132, 9, 2025/02/16, 22:41:04.193, 2356432349878, datacollector.dll, DataCollectionTestCaseEventHandler: Test case completing.
TpTrace Information: 0 : 22132, 9, 2025/02/16, 22:41:04.194, 2356432357701, datacollector.dll, BlameCollector.EventsTestCaseEnd: Test Case End
TpTrace Verbose: 0 : 22132, 9, 2025/02/16, 22:41:04.194, 2356432358279, datacollector.dll, MulticastDelegateUtilities.SafeInvoke: DataCollectionEvents.TestCaseEnd: Invoking callback 1/1 for Microsoft.TestPlatform.Extensions.BlameDataCollector.BlameCollector., took 0 ms.
TpTrace Information: 0 : 22132, 9, 2025/02/16, 22:41:04.194, 2356432359234, datacollector.dll, DataCollectionTestCaseEventHandler: Test case 'TestRandomConstructor - 2acdfc67-f5f7-6770-8409-5b816850736d' completed
TpTrace Information: 0 : 22132, 9, 2025/02/16, 22:41:04.194, 2356432366096, datacollector.dll, DataCollectionTestCaseEventHandler: Test case starting.
TpTrace Information: 0 : 22132, 9, 2025/02/16, 22:41:04.195, 2356432373444, datacollector.dll, BlameCollector.EventsTestCaseStart: Test Case Start
TpTrace Verbose: 0 : 22132, 9, 2025/02/16, 22:41:04.195, 2356432373985, datacollector.dll, MulticastDelegateUtilities.SafeInvoke: DataCollectionEvents.TestCaseStart: Invoking callback 1/1 for Microsoft.TestPlatform.Extensions.BlameDataCollector.BlameCollector., took 0 ms.
TpTrace Information: 0 : 22132, 9, 2025/02/16, 22:41:04.195, 2356432374731, datacollector.dll, DataCollectionTestCaseEventHandler: Test case 'TestManualConstructor - 8461b6fd-7d55-ef53-ce24-2e019361aa79' started.
TpTrace Information: 0 : 22132, 9, 2025/02/16, 22:41:04.196, 2356432386417, datacollector.dll, DataCollectionTestCaseEventHandler: Test case completing.
TpTrace Information: 0 : 22132, 9, 2025/02/16, 22:41:04.197, 2356432390584, datacollector.dll, BlameCollector.EventsTestCaseEnd: Test Case End
TpTrace Verbose: 0 : 22132, 9, 2025/02/16, 22:41:04.197, 2356432390933, datacollector.dll, MulticastDelegateUtilities.SafeInvoke: DataCollectionEvents.TestCaseEnd: Invoking callback 1/1 for Microsoft.TestPlatform.Extensions.BlameDataCollector.BlameCollector., took 0 ms.
TpTrace Information: 0 : 22132, 9, 2025/02/16, 22:41:04.197, 2356432391507, datacollector.dll, DataCollectionTestCaseEventHandler: Test case 'TestManualConstructor - 8461b6fd-7d55-ef53-ce24-2e019361aa79' completed
TpTrace Information: 0 : 22132, 9, 2025/02/16, 22:41:04.197, 2356432396398, datacollector.dll, DataCollectionTestCaseEventHandler: Test case starting.
TpTrace Information: 0 : 22132, 9, 2025/02/16, 22:41:04.198, 2356432400326, datacollector.dll, BlameCollector.EventsTestCaseStart: Test Case Start
TpTrace Verbose: 0 : 22132, 9, 2025/02/16, 22:41:04.198, 2356432400683, datacollector.dll, MulticastDelegateUtilities.SafeInvoke: DataCollectionEvents.TestCaseStart: Invoking callback 1/1 for Microsoft.TestPlatform.Extensions.BlameDataCollector.BlameCollector., took 0 ms.
TpTrace Information: 0 : 22132, 9, 2025/02/16, 22:41:04.198, 2356432401169, datacollector.dll, DataCollectionTestCaseEventHandler: Test case 'TestIndexer_ValidIndex - 006befcc-9c7b-d019-6e81-60b55e90934c' started.
TpTrace Information: 0 : 22132, 9, 2025/02/16, 22:41:04.198, 2356432406856, datacollector.dll, DataCollectionTestCaseEventHandler: Test case completing.
TpTrace Information: 0 : 22132, 9, 2025/02/16, 22:41:04.199, 2356432410476, datacollector.dll, BlameCollector.EventsTestCaseEnd: Test Case End
TpTrace Verbose: 0 : 22132, 9, 2025/02/16, 22:41:04.199, 2356432410818, datacollector.dll, MulticastDelegateUtilities.SafeInvoke: DataCollectionEvents.TestCaseEnd: Invoking callback 1/1 for Microsoft.TestPlatform.Extensions.BlameDataCollector.BlameCollector., took 0 ms.
TpTrace Information: 0 : 22132, 9, 2025/02/16, 22:41:04.199, 2356432411376, datacollector.dll, DataCollectionTestCaseEventHandler: Test case 'TestIndexer_ValidIndex - 006befcc-9c7b-d019-6e81-60b55e90934c' completed
TpTrace Information: 0 : 22132, 9, 2025/02/16, 22:41:04.199, 2356432416034, datacollector.dll, DataCollectionTestCaseEventHandler: Test case starting.
TpTrace Information: 0 : 22132, 9, 2025/02/16, 22:41:04.200, 2356432419632, datacollector.dll, BlameCollector.EventsTestCaseStart: Test Case Start
TpTrace Verbose: 0 : 22132, 9, 2025/02/16, 22:41:04.200, 2356432419972, datacollector.dll, MulticastDelegateUtilities.SafeInvoke: DataCollectionEvents.TestCaseStart: Invoking callback 1/1 for Microsoft.TestPlatform.Extensions.BlameDataCollector.BlameCollector., took 0 ms.
TpTrace Information: 0 : 22132, 9, 2025/02/16, 22:41:04.200, 2356432420424, datacollector.dll, DataCollectionTestCaseEventHandler: Test case 'TestIndexer_OutOfRangeIndex - 65fdad9d-f6bb-8d7a-68c6-54dac2912b22' started.
TpTrace Information: 0 : 22132, 9, 2025/02/16, 22:41:04.200, 2356432426338, datacollector.dll, DataCollectionTestCaseEventHandler: Test case completing.
TpTrace Information: 0 : 22132, 9, 2025/02/16, 22:41:04.201, 2356432429958, datacollector.dll, BlameCollector.EventsTestCaseEnd: Test Case End
TpTrace Verbose: 0 : 22132, 9, 2025/02/16, 22:41:04.201, 2356432430302, datacollector.dll, MulticastDelegateUtilities.SafeInvoke: DataCollectionEvents.TestCaseEnd: Invoking callback 1/1 for Microsoft.TestPlatform.Extensions.BlameDataCollector.BlameCollector., took 0 ms.
TpTrace Information: 0 : 22132, 9, 2025/02/16, 22:41:04.201, 2356432430826, datacollector.dll, DataCollectionTestCaseEventHandler: Test case 'TestIndexer_OutOfRangeIndex - 65fdad9d-f6bb-8d7a-68c6-54dac2912b22' completed
TpTrace Information: 0 : 22132, 9, 2025/02/16, 22:41:04.201, 2356432435255, datacollector.dll, DataCollectionTestCaseEventHandler: Test case starting.
TpTrace Information: 0 : 22132, 9, 2025/02/16, 22:41:04.202, 2356432438805, datacollector.dll, BlameCollector.EventsTestCaseStart: Test Case Start
TpTrace Verbose: 0 : 22132, 9, 2025/02/16, 22:41:04.202, 2356432439139, datacollector.dll, MulticastDelegateUtilities.SafeInvoke: DataCollectionEvents.TestCaseStart: Invoking callback 1/1 for Microsoft.TestPlatform.Extensions.BlameDataCollector.BlameCollector., took 0 ms.
TpTrace Information: 0 : 22132, 9, 2025/02/16, 22:41:04.202, 2356432439590, datacollector.dll, DataCollectionTestCaseEventHandler: Test case 'TestPrintInfo - a507cb33-cf9f-5348-9d48-5eaf3c4c19d3' started.
TpTrace Information: 0 : 22132, 9, 2025/02/16, 22:41:04.204, 2356432464387, datacollector.dll, DataCollectionTestCaseEventHandler: Test case completing.
TpTrace Information: 0 : 22132, 9, 2025/02/16, 22:41:04.205, 2356432468668, datacollector.dll, BlameCollector.EventsTestCaseEnd: Test Case End
TpTrace Verbose: 0 : 22132, 9, 2025/02/16, 22:41:04.205, 2356432469096, datacollector.dll, MulticastDelegateUtilities.SafeInvoke: DataCollectionEvents.TestCaseEnd: Invoking callback 1/1 for Microsoft.TestPlatform.Extensions.BlameDataCollector.BlameCollector., took 0 ms.
TpTrace Information: 0 : 22132, 9, 2025/02/16, 22:41:04.205, 2356432469799, datacollector.dll, DataCollectionTestCaseEventHandler: Test case 'TestPrintInfo - a507cb33-cf9f-5348-9d48-5eaf3c4c19d3' completed
TpTrace Information: 0 : 22132, 9, 2025/02/16, 22:41:04.205, 2356432474178, datacollector.dll, DataCollectionTestCaseEventHandler: Test case starting.
TpTrace Information: 0 : 22132, 9, 2025/02/16, 22:41:04.206, 2356432477673, datacollector.dll, BlameCollector.EventsTestCaseStart: Test Case Start
TpTrace Verbose: 0 : 22132, 9, 2025/02/16, 22:41:04.206, 2356432478481, datacollector.dll, MulticastDelegateUtilities.SafeInvoke: DataCollectionEvents.TestCaseStart: Invoking callback 1/1 for Microsoft.TestPlatform.Extensions.BlameDataCollector.BlameCollector., took 0 ms.
TpTrace Information: 0 : 22132, 9, 2025/02/16, 22:41:04.206, 2356432478988, datacollector.dll, DataCollectionTestCaseEventHandler: Test case 'TestEmptyArray - 171c86c6-3a6a-5136-b4ab-00be209a304a' started.
TpTrace Information: 0 : 22132, 9, 2025/02/16, 22:41:04.206, 2356432486062, datacollector.dll, DataCollectionTestCaseEventHandler: Test case completing.
TpTrace Information: 0 : 22132, 9, 2025/02/16, 22:41:04.207, 2356432489770, datacollector.dll, BlameCollector.EventsTestCaseEnd: Test Case End
TpTrace Verbose: 0 : 22132, 9, 2025/02/16, 22:41:04.207, 2356432490101, datacollector.dll, MulticastDelegateUtilities.SafeInvoke: DataCollectionEvents.TestCaseEnd: Invoking callback 1/1 for Microsoft.TestPlatform.Extensions.BlameDataCollector.BlameCollector., took 0 ms.
TpTrace Information: 0 : 22132, 9, 2025/02/16, 22:41:04.207, 2356432490617, datacollector.dll, DataCollectionTestCaseEventHandler: Test case 'TestEmptyArray - 171c86c6-3a6a-5136-b4ab-00be209a304a' completed
TpTrace Information: 0 : 22132, 9, 2025/02/16, 22:41:04.207, 2356432494827, datacollector.dll, DataCollectionTestCaseEventHandler: Test case starting.
TpTrace Information: 0 : 22132, 9, 2025/02/16, 22:41:04.208, 2356432498302, datacollector.dll, BlameCollector.EventsTestCaseStart: Test Case Start
TpTrace Verbose: 0 : 22132, 9, 2025/02/16, 22:41:04.208, 2356432498642, datacollector.dll, MulticastDelegateUtilities.SafeInvoke: DataCollectionEvents.TestCaseStart: Invoking callback 1/1 for Microsoft.TestPlatform.Extensions.BlameDataCollector.BlameCollector., took 0 ms.
TpTrace Information: 0 : 22132, 9, 2025/02/16, 22:41:04.208, 2356432499095, datacollector.dll, DataCollectionTestCaseEventHandler: Test case 'TestSingleCarArray - 0e9d6160-fd69-1daa-627e-d70b31fc9d57' started.
TpTrace Information: 0 : 22132, 9, 2025/02/16, 22:41:04.208, 2356432504430, datacollector.dll, DataCollectionTestCaseEventHandler: Test case completing.
TpTrace Information: 0 : 22132, 9, 2025/02/16, 22:41:04.209, 2356432507920, datacollector.dll, BlameCollector.EventsTestCaseEnd: Test Case End
TpTrace Verbose: 0 : 22132, 9, 2025/02/16, 22:41:04.209, 2356432508247, datacollector.dll, MulticastDelegateUtilities.SafeInvoke: DataCollectionEvents.TestCaseEnd: Invoking callback 1/1 for Microsoft.TestPlatform.Extensions.BlameDataCollector.BlameCollector., took 0 ms.
TpTrace Information: 0 : 22132, 9, 2025/02/16, 22:41:04.209, 2356432508741, datacollector.dll, DataCollectionTestCaseEventHandler: Test case 'TestSingleCarArray - 0e9d6160-fd69-1daa-627e-d70b31fc9d57' completed
TpTrace Information: 0 : 22132, 9, 2025/02/16, 22:41:04.209, 2356432513117, datacollector.dll, DataCollectionTestCaseEventHandler: Test case starting.
TpTrace Information: 0 : 22132, 9, 2025/02/16, 22:41:04.209, 2356432516935, datacollector.dll, BlameCollector.EventsTestCaseStart: Test Case Start
TpTrace Verbose: 0 : 22132, 9, 2025/02/16, 22:41:04.209, 2356432517286, datacollector.dll, MulticastDelegateUtilities.SafeInvoke: DataCollectionEvents.TestCaseStart: Invoking callback 1/1 for Microsoft.TestPlatform.Extensions.BlameDataCollector.BlameCollector., took 0 ms.
TpTrace Information: 0 : 22132, 9, 2025/02/16, 22:41:04.210, 2356432517782, datacollector.dll, DataCollectionTestCaseEventHandler: Test case 'TestMultipleCarsArray - fb5538ea-3329-6646-0609-5bbe77e98bef' started.
TpTrace Information: 0 : 22132, 9, 2025/02/16, 22:41:04.211, 2356432529438, datacollector.dll, DataCollectionTestCaseEventHandler: Test case completing.
TpTrace Information: 0 : 22132, 9, 2025/02/16, 22:41:04.211, 2356432533342, datacollector.dll, BlameCollector.EventsTestCaseEnd: Test Case End
TpTrace Verbose: 0 : 22132, 9, 2025/02/16, 22:41:04.211, 2356432533744, datacollector.dll, MulticastDelegateUtilities.SafeInvoke: DataCollectionEvents.TestCaseEnd: Invoking callback 1/1 for Microsoft.TestPlatform.Extensions.BlameDataCollector.BlameCollector., took 0 ms.
TpTrace Information: 0 : 22132, 9, 2025/02/16, 22:41:04.211, 2356432534775, datacollector.dll, DataCollectionTestCaseEventHandler: Test case 'TestMultipleCarsArray - fb5538ea-3329-6646-0609-5bbe77e98bef' completed
TpTrace Information: 0 : 22132, 9, 2025/02/16, 22:41:04.212, 2356432546796, datacollector.dll, DataCollectionTestCaseEventHandler: Test session ended
TpTrace Information: 0 : 22132, 1, 2025/02/16, 22:41:04.302, 2356433442642, datacollector.dll, DataCollectionRequestHandler.ProcessRequests: Datacollector received message: (DataCollection.AfterTestRunEnd) -> {"MessageType":"DataCollection.AfterTestRunEnd","Payload":false}
TpTrace Information: 0 : 22132, 1, 2025/02/16, 22:41:04.303, 2356433449241, datacollector.dll, Blame Collector: Session End
TpTrace Information: 0 : 22132, 1, 2025/02/16, 22:41:04.303, 2356433449758, datacollector.dll, BlameCollector.CollectDumpAndAbortTesthost: Custom path to dump directory was provided via VSTEST_DUMP_PATH. Skipping attachment upload, the caller is responsible for collecting and uploading the dumps themselves.
TpTrace Verbose: 0 : 22132, 1, 2025/02/16, 22:41:04.303, 2356433450304, datacollector.dll, MulticastDelegateUtilities.SafeInvoke: DataCollectionEvents.SessionEnd: Invoking callback 1/1 for Microsoft.TestPlatform.Extensions.BlameDataCollector.BlameCollector., took 0 ms.
TpTrace Information: 0 : 22132, 1, 2025/02/16, 22:41:04.303, 2356433454572, datacollector.dll, DataCollectionManager.CleanupPlugins: CleanupPlugins called
TpTrace Verbose: 0 : 22132, 1, 2025/02/16, 22:41:04.303, 2356433454933, datacollector.dll, DataCollectionManager.CleanupPlugins: Cleaning up 1 plugins
TpTrace Verbose: 0 : 22132, 1, 2025/02/16, 22:41:04.303, 2356433455585, datacollector.dll, dataCollectorInfo.DisposeDataCollector: calling Dispose() on Microsoft.TestPlatform.Extensions.BlameDataCollector.BlameCollector
TpTrace Information: 0 : 22132, 1, 2025/02/16, 22:41:04.303, 2356433456117, datacollector.dll, DataCollectionManager.CleanupPlugins: CleanupPlugins finished
TpTrace Information: 0 : 22132, 1, 2025/02/16, 22:41:04.306, 2356433485815, datacollector.dll, DataCollectionRequestHandler.ProcessRequests : Session End message received from server. Closing the connection.
TpTrace Information: 0 : 22132, 1, 2025/02/16, 22:41:04.306, 2356433487342, datacollector.dll, Closing the connection !
TpTrace Information: 0 : 22132, 1, 2025/02/16, 22:41:04.307, 2356433487766, datacollector.dll, DataCollectionRequestHandler.ProcessRequests : DataCollection completed
TpTrace Information: 0 : 22132, 1, 2025/02/16, 22:41:04.307, 2356433488038, datacollector.dll, Program.Main: exiting datacollector process.
