TpTrace Verbose: 0 : 20988, 1, 2025/02/16, 21:26:51.024, 2311900485329, datacollector.dll, Version: 17.11.1-release-24455-02
TpTrace Information: 0 : 20988, 1, 2025/02/16, 21:26:51.030, 2311900548344, datacollector.dll, DataCollectorMain.Run: Starting data collector run with args: --port,55010,--parentprocessid,12960,--diag,C:\Users\vikal\source\repos\Unit tests\bin\Debug\net8.0\fine-code-coverage\coverage-tool-output\diagnostics.datacollector.25-02-16_21-26-50_87820_5.log,--tracelevel,4
TpTrace Information: 0 : 20988, 1, 2025/02/16, 21:26:51.030, 2311900549408, datacollector.dll, DataCollector: Monitoring parent process with id: '12960'
TpTrace Information: 0 : 20988, 1, 2025/02/16, 21:26:51.084, 2311901090804, datacollector.dll, Trying to connect to server on socket : 127.0.0.1:55010 
TpTrace Verbose: 0 : 20988, 1, 2025/02/16, 21:26:51.099, 2311901237885, datacollector.dll, SocketCommunicationManager : SetupClientAsync : Attempting to connect to the server.
TpTrace Information: 0 : 20988, 10, 2025/02/16, 21:26:51.109, 2311901336345, datacollector.dll, Connected to the server successfully 
TpTrace Information: 0 : 20988, 10, 2025/02/16, 21:26:51.109, 2311901337327, datacollector.dll, Using the buffer size of 16384 bytes
TpTrace Information: 0 : 20988, 1, 2025/02/16, 21:26:51.176, 2311902006096, datacollector.dll, DataCollector: Start Request Processing.
TpTrace Verbose: 0 : 20988, 1, 2025/02/16, 21:26:51.176, 2311902008968, datacollector.dll, SocketCommunicationManager.WaitForServerConnection took: 0 ms, with 90000 ms timeout, and finished with True.
TpTrace Information: 0 : 20988, 1, 2025/02/16, 21:26:51.176, 2311902012431, datacollector.dll, DataCollectionRequestHandler.ProcessRequests: Datacollector received message: (DataCollection.BeforeTestRunStart) -> {"MessageType":"DataCollection.BeforeTestRunStart","Payload":{"SettingsXml":"<RunSettings><RunConfiguration><ResultsDirectory>C:\\Users\\vikal\\source\\repos\\Unit tests\\bin\\Debug\\net8.0\\fine-code-coverage\\coverage-tool-output</ResultsDirectory><TargetPlatform>X86</TargetPlatform><TargetFrameworkVersion>.NETCoreApp,Version=v8.0</TargetFrameworkVersion><DesignMode>False</DesignMode><CollectSourceInformation>False</CollectSourceInformation><TestAdaptersPaths>C:\\Program Files\\dotnet\\sdk\\8.0.403\\Extensions</TestAdaptersPaths></RunConfiguration><LoggerRunSettings><Loggers><Logger friendlyName=\"blame\" enabled=\"True\" /><Logger friendlyName=\"Console\" uri=\"logger://microsoft/TestPlatform/ConsoleLogger/v1\" assemblyQualifiedName=\"Microsoft.VisualStudio.TestPlatform.CommandLine.Internal.ConsoleLogger, vstest.console, Version=15.0.0.0, Culture=neutral, PublicKeyToken=b03f5f7f11d50a3a\" codeBase=\"C:\\Program Files\\dotnet\\sdk\\8.0.403\\vstest.console.dll\" enabled=\"True\" /></Loggers></LoggerRunSettings><DataCollectionRunSettings><DataCollectors><DataCollector friendlyName=\"blame\" enabled=\"True\"><Configuration><ResultsDirectory>C:\\Users\\vikal\\source\\repos\\Unit tests\\bin\\Debug\\net8.0\\fine-code-coverage\\coverage-tool-output</ResultsDirectory></Configuration></DataCollector></DataCollectors></DataCollectionRunSettings></RunSettings>","Sources":["C:\\Users\\vikal\\source\\repos\\Unit tests\\bin\\Debug\\net8.0\\fine-code-coverage\\build-output\\Unit tests.dll"],"IsTelemetryOptedIn":false}}
TpTrace Verbose: 0 : 20988, 1, 2025/02/16, 21:26:51.227, 2311902515024, datacollector.dll, TestPluginCache: Update extensions started. Skip filter = False
TpTrace Verbose: 0 : 20988, 1, 2025/02/16, 21:26:51.228, 2311902525114, datacollector.dll, TestPluginCache: Using directories for assembly resolution 'C:\Program Files\dotnet\sdk\8.0.403\Extensions'.
TpTrace Verbose: 0 : 20988, 1, 2025/02/16, 21:26:51.228, 2311902525892, datacollector.dll, TestPluginCache: Updated the available extensions to 'C:\Program Files\dotnet\sdk\8.0.403\Extensions\Microsoft.TestPlatform.Extensions.BlameDataCollector.dll,C:\Program Files\dotnet\sdk\8.0.403\Extensions\Microsoft.TestPlatform.Extensions.EventLogCollector.dll'.
TpTrace Verbose: 0 : 20988, 1, 2025/02/16, 21:26:51.234, 2311902585111, datacollector.dll, TestPluginCache.DiscoverTestExtensions: finding test extensions in assemblies ends with: Collector.dll TPluginInfo: Microsoft.VisualStudio.TestPlatform.Common.DataCollector.DataCollectorConfig TExtension: Microsoft.VisualStudio.TestPlatform.ObjectModel.DataCollection.DataCollector
TpTrace Verbose: 0 : 20988, 1, 2025/02/16, 21:26:51.237, 2311902622440, datacollector.dll, TestPluginCache.GetExtensionPaths: Filtered extension paths: C:\Program Files\dotnet\sdk\8.0.403\Extensions\Microsoft.TestPlatform.Extensions.BlameDataCollector.dll
C:\Program Files\dotnet\sdk\8.0.403\Extensions\Microsoft.TestPlatform.Extensions.EventLogCollector.dll
TpTrace Verbose: 0 : 20988, 1, 2025/02/16, 21:26:51.237, 2311902623461, datacollector.dll, TestPluginCache.GetExtensionPaths: Added default extension paths: 
TpTrace Verbose: 0 : 20988, 1, 2025/02/16, 21:26:51.237, 2311902623840, datacollector.dll, TestPluginCache.GetExtensionPaths: Added unfilterableExtensionPaths: 
TpTrace Information: 0 : 20988, 1, 2025/02/16, 21:26:51.238, 2311902630168, datacollector.dll, AssemblyResolver.ctor: Creating AssemblyResolver with searchDirectories C:\Program Files\dotnet\sdk\8.0.403\Extensions,C:\Program Files\dotnet\sdk\8.0.403
TpTrace Verbose: 0 : 20988, 1, 2025/02/16, 21:26:51.239, 2311902639057, datacollector.dll, TestPluginCache.DiscoverTestExtensions: Discovering the extensions using extension path.
TpTrace Verbose: 0 : 20988, 1, 2025/02/16, 21:26:51.239, 2311902640582, datacollector.dll, TestPluginCache.GetExtensionPaths: Filtered extension paths: C:\Program Files\dotnet\sdk\8.0.403\Extensions\Microsoft.TestPlatform.Extensions.BlameDataCollector.dll
C:\Program Files\dotnet\sdk\8.0.403\Extensions\Microsoft.TestPlatform.Extensions.EventLogCollector.dll
TpTrace Verbose: 0 : 20988, 1, 2025/02/16, 21:26:51.239, 2311902641029, datacollector.dll, TestPluginCache.GetExtensionPaths: Added default extension paths: 
TpTrace Verbose: 0 : 20988, 1, 2025/02/16, 21:26:51.239, 2311902641283, datacollector.dll, TestPluginCache.GetExtensionPaths: Added unfilterableExtensionPaths: 
TpTrace Verbose: 0 : 20988, 1, 2025/02/16, 21:26:51.239, 2311902641711, datacollector.dll, TestPluginCache.DiscoverTestExtensions: Discovering the extensions using allExtensionPaths: C:\Program Files\dotnet\sdk\8.0.403\Extensions\Microsoft.TestPlatform.Extensions.BlameDataCollector.dll
C:\Program Files\dotnet\sdk\8.0.403\Extensions\Microsoft.TestPlatform.Extensions.EventLogCollector.dll
TpTrace Information: 0 : 20988, 1, 2025/02/16, 21:26:51.239, 2311902642746, datacollector.dll, AssemblyResolver.AddSearchDirectories: Adding more searchDirectories C:\Program Files\dotnet\sdk\8.0.403\Extensions,C:\Program Files\dotnet\sdk\8.0.403
TpTrace Information: 0 : 20988, 1, 2025/02/16, 21:26:51.239, 2311902643412, datacollector.dll, AssemblyResolver.AddSearchDirectories: Adding more searchDirectories C:\Program Files\dotnet\sdk\8.0.403\Extensions,C:\Program Files\dotnet\sdk\8.0.403
TpTrace Information: 0 : 20988, 1, 2025/02/16, 21:26:51.240, 2311902647088, datacollector.dll, AssemblyResolver.OnResolve: Microsoft.TestPlatform.Extensions.BlameDataCollector: Resolving assembly.
TpTrace Information: 0 : 20988, 1, 2025/02/16, 21:26:51.240, 2311902648014, datacollector.dll, AssemblyResolver.OnResolve: Microsoft.TestPlatform.Extensions.BlameDataCollector: Searching in: 'C:\Program Files\dotnet\sdk\8.0.403\Extensions'.
TpTrace Information: 0 : 20988, 1, 2025/02/16, 21:26:51.247, 2311902719839, datacollector.dll, AssemblyResolver.OnResolve: Microsoft.TestPlatform.Extensions.BlameDataCollector: Loading assembly 'C:\Program Files\dotnet\sdk\8.0.403\Extensions\Microsoft.TestPlatform.Extensions.BlameDataCollector.dll'.
TpTrace Information: 0 : 20988, 1, 2025/02/16, 21:26:51.248, 2311902728159, datacollector.dll, AssemblyResolver.OnResolve: Resolved assembly: Microsoft.TestPlatform.Extensions.BlameDataCollector, from path: C:\Program Files\dotnet\sdk\8.0.403\Extensions\Microsoft.TestPlatform.Extensions.BlameDataCollector.dll
TpTrace Verbose: 0 : 20988, 1, 2025/02/16, 21:26:51.254, 2311902792451, datacollector.dll, MetadataReaderExtensionsHelper: Discovering extensions inside assembly 'Microsoft.TestPlatform.Extensions.BlameDataCollector, Version=15.0.0.0, Culture=neutral, PublicKeyToken=b03f5f7f11d50a3a' file path 'C:\Program Files\dotnet\sdk\8.0.403\Extensions\Microsoft.TestPlatform.Extensions.BlameDataCollector.dll'
TpTrace Error: 0 : 20988, 1, 2025/02/16, 21:26:51.259, 2311902837463, datacollector.dll, The type "Microsoft.TestPlatform.Extensions.BlameDataCollector.BlameCollector" defined in "Microsoft.TestPlatform.Extensions.BlameDataCollector.dll" does not have ExtensionUri attribute.
TpTrace Information: 0 : 20988, 1, 2025/02/16, 21:26:51.264, 2311902891523, datacollector.dll, GetTestExtensionFromType: Register extension with identifier data 'datacollector://microsoft/TestPlatform/Extensions/Blame/v1' and type 'Microsoft.TestPlatform.Extensions.BlameDataCollector.BlameCollector, Microsoft.TestPlatform.Extensions.BlameDataCollector, Version=15.0.0.0, Culture=neutral, PublicKeyToken=b03f5f7f11d50a3a' inside file 'C:\Program Files\dotnet\sdk\8.0.403\Extensions\Microsoft.TestPlatform.Extensions.BlameDataCollector.dll'
TpTrace Information: 0 : 20988, 1, 2025/02/16, 21:26:51.264, 2311902893134, datacollector.dll, AssemblyResolver.OnResolve: Microsoft.TestPlatform.Extensions.EventLogCollector: Resolving assembly.
TpTrace Information: 0 : 20988, 1, 2025/02/16, 21:26:51.264, 2311902893670, datacollector.dll, AssemblyResolver.OnResolve: Microsoft.TestPlatform.Extensions.EventLogCollector: Searching in: 'C:\Program Files\dotnet\sdk\8.0.403\Extensions'.
TpTrace Information: 0 : 20988, 1, 2025/02/16, 21:26:51.265, 2311902900865, datacollector.dll, AssemblyResolver.OnResolve: Microsoft.TestPlatform.Extensions.EventLogCollector: Loading assembly 'C:\Program Files\dotnet\sdk\8.0.403\Extensions\Microsoft.TestPlatform.Extensions.EventLogCollector.dll'.
TpTrace Information: 0 : 20988, 1, 2025/02/16, 21:26:51.266, 2311902907677, datacollector.dll, AssemblyResolver.OnResolve: Resolved assembly: Microsoft.TestPlatform.Extensions.EventLogCollector, from path: C:\Program Files\dotnet\sdk\8.0.403\Extensions\Microsoft.TestPlatform.Extensions.EventLogCollector.dll
TpTrace Verbose: 0 : 20988, 1, 2025/02/16, 21:26:51.266, 2311902908908, datacollector.dll, MetadataReaderExtensionsHelper: Discovering extensions inside assembly 'Microsoft.TestPlatform.Extensions.EventLogCollector, Version=15.0.0.0, Culture=neutral, PublicKeyToken=b03f5f7f11d50a3a' file path 'C:\Program Files\dotnet\sdk\8.0.403\Extensions\Microsoft.TestPlatform.Extensions.EventLogCollector.dll'
TpTrace Error: 0 : 20988, 1, 2025/02/16, 21:26:51.268, 2311902931575, datacollector.dll, The type "Microsoft.TestPlatform.Extensions.EventLogCollector.EventLogDataCollector" defined in "Microsoft.TestPlatform.Extensions.EventLogCollector.dll" does not have ExtensionUri attribute.
TpTrace Information: 0 : 20988, 1, 2025/02/16, 21:26:51.269, 2311902935193, datacollector.dll, GetTestExtensionFromType: Register extension with identifier data 'datacollector://microsoft/EventLog/2.0' and type 'Microsoft.TestPlatform.Extensions.EventLogCollector.EventLogDataCollector, Microsoft.TestPlatform.Extensions.EventLogCollector, Version=15.0.0.0, Culture=neutral, PublicKeyToken=b03f5f7f11d50a3a' inside file 'C:\Program Files\dotnet\sdk\8.0.403\Extensions\Microsoft.TestPlatform.Extensions.EventLogCollector.dll'
TpTrace Verbose: 0 : 20988, 1, 2025/02/16, 21:26:51.269, 2311902938115, datacollector.dll, TestPluginCache: Discovered the extensions using extension path 'C:\Program Files\dotnet\sdk\8.0.403\Extensions\Microsoft.TestPlatform.Extensions.BlameDataCollector.dll,C:\Program Files\dotnet\sdk\8.0.403\Extensions\Microsoft.TestPlatform.Extensions.EventLogCollector.dll'.
TpTrace Verbose: 0 : 20988, 1, 2025/02/16, 21:26:51.269, 2311902938667, datacollector.dll, TestPluginCache: Discoverers are ''.
TpTrace Verbose: 0 : 20988, 1, 2025/02/16, 21:26:51.269, 2311902938919, datacollector.dll, TestPluginCache: Executors are ''.
TpTrace Verbose: 0 : 20988, 1, 2025/02/16, 21:26:51.269, 2311902939138, datacollector.dll, TestPluginCache: Executors2 are ''.
TpTrace Verbose: 0 : 20988, 1, 2025/02/16, 21:26:51.269, 2311902940004, datacollector.dll, TestPluginCache: Setting providers are ''.
TpTrace Verbose: 0 : 20988, 1, 2025/02/16, 21:26:51.269, 2311902940359, datacollector.dll, TestPluginCache: Loggers are ''.
TpTrace Verbose: 0 : 20988, 1, 2025/02/16, 21:26:51.269, 2311902940570, datacollector.dll, TestPluginCache: TestHosts are ''.
TpTrace Verbose: 0 : 20988, 1, 2025/02/16, 21:26:51.269, 2311902942938, datacollector.dll, TestPluginCache: DataCollectors are 'datacollector://microsoft/TestPlatform/Extensions/Blame/v1,datacollector://microsoft/EventLog/2.0'.
TpTrace Information: 0 : 20988, 1, 2025/02/16, 21:26:51.271, 2311902961592, datacollector.dll, TestPluginManager.CreateTestExtension: Attempting to load test extension: Microsoft.TestPlatform.Extensions.BlameDataCollector.BlameCollector
TpTrace Information: 0 : 20988, 1, 2025/02/16, 21:26:51.275, 2311902994159, datacollector.dll, [MonitorPostmortemDump]Monitor enabled: 'False'
TpTrace Verbose: 0 : 20988, 1, 2025/02/16, 21:26:51.275, 2311903001716, datacollector.dll, MulticastDelegateUtilities.SafeInvoke: DataCollectionEvents.SessionStart: Invoking callbacks was skipped because there are no subscribers.
TpTrace Information: 0 : 20988, 1, 2025/02/16, 21:26:51.276, 2311903006243, datacollector.dll, Listening on Endpoint : 127.0.0.1:55012
TpTrace Information: 0 : 20988, 1, 2025/02/16, 21:26:51.283, 2311903077322, datacollector.dll, DataCollectionRequestHandler.ProcessRequests : DataCollection started.
TpTrace Information: 0 : 20988, 1, 2025/02/16, 21:26:51.300, 2311903251533, datacollector.dll, DataCollectionRequestHandler.ProcessRequests: Datacollector received message: (DataCollection.TestHostLaunched) -> {"MessageType":"DataCollection.TestHostLaunched","Payload":{"ProcessId":11968}}
TpTrace Verbose: 0 : 20988, 1, 2025/02/16, 21:26:51.303, 2311903274252, datacollector.dll, MulticastDelegateUtilities.SafeInvoke: DataCollectionEvents.TestHostLaunched: Invoking callback 1/1 for Microsoft.TestPlatform.Extensions.BlameDataCollector.BlameCollector., took 0 ms.
TpTrace Information: 0 : 20988, 9, 2025/02/16, 21:26:51.592, 2311906165101, datacollector.dll, Using the buffer size of 16384 bytes
TpTrace Verbose: 0 : 20988, 10, 2025/02/16, 21:26:51.592, 2311906165232, datacollector.dll, SocketCommunicationManager.WaitForClientConnection took: 312 ms, with 90000 ms timeout, and finished with True.
TpTrace Information: 0 : 20988, 9, 2025/02/16, 21:26:51.592, 2311906166513, datacollector.dll, Accepted Client request and set the flag
TpTrace Information: 0 : 20988, 10, 2025/02/16, 21:26:52.161, 2311911854080, datacollector.dll, DataCollectionTestCaseEventHandler: Test case starting.
TpTrace Information: 0 : 20988, 10, 2025/02/16, 21:26:52.200, 2311912251243, datacollector.dll, BlameCollector.EventsTestCaseStart: Test Case Start
TpTrace Verbose: 0 : 20988, 10, 2025/02/16, 21:26:52.201, 2311912254379, datacollector.dll, MulticastDelegateUtilities.SafeInvoke: DataCollectionEvents.TestCaseStart: Invoking callback 1/1 for Microsoft.TestPlatform.Extensions.BlameDataCollector.BlameCollector., took 0 ms.
TpTrace Information: 0 : 20988, 10, 2025/02/16, 21:26:52.201, 2311912258094, datacollector.dll, DataCollectionTestCaseEventHandler: Test case 'TestNegativeFuelFlow - 9ccda4b2-0c65-9c5a-f56e-4038547d6c86' started.
TpTrace Information: 0 : 20988, 10, 2025/02/16, 21:26:52.248, 2311912726178, datacollector.dll, DataCollectionTestCaseEventHandler: Test case completing.
TpTrace Information: 0 : 20988, 10, 2025/02/16, 21:26:52.254, 2311912788516, datacollector.dll, BlameCollector.EventsTestCaseEnd: Test Case End
TpTrace Verbose: 0 : 20988, 10, 2025/02/16, 21:26:52.254, 2311912791796, datacollector.dll, MulticastDelegateUtilities.SafeInvoke: DataCollectionEvents.TestCaseEnd: Invoking callback 1/1 for Microsoft.TestPlatform.Extensions.BlameDataCollector.BlameCollector., took 0 ms.
TpTrace Information: 0 : 20988, 10, 2025/02/16, 21:26:52.256, 2311912809845, datacollector.dll, DataCollectionTestCaseEventHandler: Test case 'TestNegativeFuelFlow - 9ccda4b2-0c65-9c5a-f56e-4038547d6c86' completed
TpTrace Information: 0 : 20988, 10, 2025/02/16, 21:26:52.270, 2311912951088, datacollector.dll, DataCollectionTestCaseEventHandler: Test case starting.
TpTrace Information: 0 : 20988, 10, 2025/02/16, 21:26:52.272, 2311912964070, datacollector.dll, BlameCollector.EventsTestCaseStart: Test Case Start
TpTrace Verbose: 0 : 20988, 10, 2025/02/16, 21:26:52.272, 2311912964963, datacollector.dll, MulticastDelegateUtilities.SafeInvoke: DataCollectionEvents.TestCaseStart: Invoking callback 1/1 for Microsoft.TestPlatform.Extensions.BlameDataCollector.BlameCollector., took 0 ms.
TpTrace Information: 0 : 20988, 10, 2025/02/16, 21:26:52.272, 2311912966312, datacollector.dll, DataCollectionTestCaseEventHandler: Test case 'TestNegativeFuelVolume - cc51f29e-dd25-9fec-5d30-b1af29ffed63' started.
TpTrace Information: 0 : 20988, 10, 2025/02/16, 21:26:52.274, 2311912986252, datacollector.dll, DataCollectionTestCaseEventHandler: Test case completing.
TpTrace Information: 0 : 20988, 10, 2025/02/16, 21:26:52.275, 2311912996885, datacollector.dll, BlameCollector.EventsTestCaseEnd: Test Case End
TpTrace Verbose: 0 : 20988, 10, 2025/02/16, 21:26:52.275, 2311912997575, datacollector.dll, MulticastDelegateUtilities.SafeInvoke: DataCollectionEvents.TestCaseEnd: Invoking callback 1/1 for Microsoft.TestPlatform.Extensions.BlameDataCollector.BlameCollector., took 0 ms.
TpTrace Information: 0 : 20988, 10, 2025/02/16, 21:26:52.275, 2311912999069, datacollector.dll, DataCollectionTestCaseEventHandler: Test case 'TestNegativeFuelVolume - cc51f29e-dd25-9fec-5d30-b1af29ffed63' completed
TpTrace Information: 0 : 20988, 10, 2025/02/16, 21:26:52.276, 2311913012035, datacollector.dll, DataCollectionTestCaseEventHandler: Test case starting.
TpTrace Information: 0 : 20988, 10, 2025/02/16, 21:26:52.277, 2311913021576, datacollector.dll, BlameCollector.EventsTestCaseStart: Test Case Start
TpTrace Verbose: 0 : 20988, 10, 2025/02/16, 21:26:52.277, 2311913022836, datacollector.dll, MulticastDelegateUtilities.SafeInvoke: DataCollectionEvents.TestCaseStart: Invoking callback 1/1 for Microsoft.TestPlatform.Extensions.BlameDataCollector.BlameCollector., took 0 ms.
TpTrace Information: 0 : 20988, 10, 2025/02/16, 21:26:52.277, 2311913023664, datacollector.dll, DataCollectionTestCaseEventHandler: Test case 'TestVoidConstructor - 43f4c6c8-4059-aa24-741b-b7a2734bbdb1' started.
TpTrace Information: 0 : 20988, 10, 2025/02/16, 21:26:52.281, 2311913061434, datacollector.dll, DataCollectionTestCaseEventHandler: Test case completing.
TpTrace Information: 0 : 20988, 10, 2025/02/16, 21:26:52.282, 2311913071239, datacollector.dll, BlameCollector.EventsTestCaseEnd: Test Case End
TpTrace Verbose: 0 : 20988, 10, 2025/02/16, 21:26:52.282, 2311913071973, datacollector.dll, MulticastDelegateUtilities.SafeInvoke: DataCollectionEvents.TestCaseEnd: Invoking callback 1/1 for Microsoft.TestPlatform.Extensions.BlameDataCollector.BlameCollector., took 0 ms.
TpTrace Information: 0 : 20988, 10, 2025/02/16, 21:26:52.282, 2311913073427, datacollector.dll, DataCollectionTestCaseEventHandler: Test case 'TestVoidConstructor - 43f4c6c8-4059-aa24-741b-b7a2734bbdb1' completed
TpTrace Information: 0 : 20988, 10, 2025/02/16, 21:26:52.284, 2311913087454, datacollector.dll, DataCollectionTestCaseEventHandler: Test case starting.
TpTrace Information: 0 : 20988, 10, 2025/02/16, 21:26:52.286, 2311913104651, datacollector.dll, BlameCollector.EventsTestCaseStart: Test Case Start
TpTrace Verbose: 0 : 20988, 10, 2025/02/16, 21:26:52.286, 2311913106381, datacollector.dll, MulticastDelegateUtilities.SafeInvoke: DataCollectionEvents.TestCaseStart: Invoking callback 1/1 for Microsoft.TestPlatform.Extensions.BlameDataCollector.BlameCollector., took 0 ms.
TpTrace Information: 0 : 20988, 10, 2025/02/16, 21:26:52.286, 2311913108801, datacollector.dll, DataCollectionTestCaseEventHandler: Test case 'TestConstructor - 0f6f53f5-bdef-13cc-a69b-7c0712153ea0' started.
TpTrace Information: 0 : 20988, 10, 2025/02/16, 21:26:52.289, 2311913139827, datacollector.dll, DataCollectionTestCaseEventHandler: Test case completing.
TpTrace Information: 0 : 20988, 10, 2025/02/16, 21:26:52.290, 2311913153751, datacollector.dll, BlameCollector.EventsTestCaseEnd: Test Case End
TpTrace Verbose: 0 : 20988, 10, 2025/02/16, 21:26:52.291, 2311913154551, datacollector.dll, MulticastDelegateUtilities.SafeInvoke: DataCollectionEvents.TestCaseEnd: Invoking callback 1/1 for Microsoft.TestPlatform.Extensions.BlameDataCollector.BlameCollector., took 0 ms.
TpTrace Information: 0 : 20988, 10, 2025/02/16, 21:26:52.291, 2311913156875, datacollector.dll, DataCollectionTestCaseEventHandler: Test case 'TestConstructor - 0f6f53f5-bdef-13cc-a69b-7c0712153ea0' completed
TpTrace Information: 0 : 20988, 10, 2025/02/16, 21:26:52.292, 2311913165902, datacollector.dll, DataCollectionTestCaseEventHandler: Test case starting.
TpTrace Information: 0 : 20988, 10, 2025/02/16, 21:26:52.293, 2311913179837, datacollector.dll, BlameCollector.EventsTestCaseStart: Test Case Start
TpTrace Verbose: 0 : 20988, 10, 2025/02/16, 21:26:52.293, 2311913180908, datacollector.dll, MulticastDelegateUtilities.SafeInvoke: DataCollectionEvents.TestCaseStart: Invoking callback 1/1 for Microsoft.TestPlatform.Extensions.BlameDataCollector.BlameCollector., took 0 ms.
TpTrace Information: 0 : 20988, 10, 2025/02/16, 21:26:52.293, 2311913182375, datacollector.dll, DataCollectionTestCaseEventHandler: Test case 'TestCopyConstructor - 939edaa8-3ddb-314d-d516-bb43cadc7db0' started.
TpTrace Information: 0 : 20988, 10, 2025/02/16, 21:26:52.295, 2311913197566, datacollector.dll, DataCollectionTestCaseEventHandler: Test case completing.
TpTrace Information: 0 : 20988, 10, 2025/02/16, 21:26:52.296, 2311913204960, datacollector.dll, BlameCollector.EventsTestCaseEnd: Test Case End
TpTrace Verbose: 0 : 20988, 10, 2025/02/16, 21:26:52.296, 2311913205542, datacollector.dll, MulticastDelegateUtilities.SafeInvoke: DataCollectionEvents.TestCaseEnd: Invoking callback 1/1 for Microsoft.TestPlatform.Extensions.BlameDataCollector.BlameCollector., took 0 ms.
TpTrace Information: 0 : 20988, 10, 2025/02/16, 21:26:52.296, 2311913206639, datacollector.dll, DataCollectionTestCaseEventHandler: Test case 'TestCopyConstructor - 939edaa8-3ddb-314d-d516-bb43cadc7db0' completed
TpTrace Information: 0 : 20988, 10, 2025/02/16, 21:26:52.297, 2311913215345, datacollector.dll, DataCollectionTestCaseEventHandler: Test case starting.
TpTrace Information: 0 : 20988, 10, 2025/02/16, 21:26:52.298, 2311913225064, datacollector.dll, BlameCollector.EventsTestCaseStart: Test Case Start
TpTrace Verbose: 0 : 20988, 10, 2025/02/16, 21:26:52.298, 2311913225781, datacollector.dll, MulticastDelegateUtilities.SafeInvoke: DataCollectionEvents.TestCaseStart: Invoking callback 1/1 for Microsoft.TestPlatform.Extensions.BlameDataCollector.BlameCollector., took 0 ms.
TpTrace Information: 0 : 20988, 10, 2025/02/16, 21:26:52.298, 2311913226629, datacollector.dll, DataCollectionTestCaseEventHandler: Test case 'TestCopyConstructorWithNull - c209977b-0d01-8413-f30f-8b3965d37e36' started.
TpTrace Information: 0 : 20988, 10, 2025/02/16, 21:26:52.299, 2311913238236, datacollector.dll, DataCollectionTestCaseEventHandler: Test case completing.
TpTrace Information: 0 : 20988, 10, 2025/02/16, 21:26:52.300, 2311913249230, datacollector.dll, BlameCollector.EventsTestCaseEnd: Test Case End
TpTrace Verbose: 0 : 20988, 10, 2025/02/16, 21:26:52.300, 2311913250064, datacollector.dll, MulticastDelegateUtilities.SafeInvoke: DataCollectionEvents.TestCaseEnd: Invoking callback 1/1 for Microsoft.TestPlatform.Extensions.BlameDataCollector.BlameCollector., took 0 ms.
TpTrace Information: 0 : 20988, 10, 2025/02/16, 21:26:52.300, 2311913251563, datacollector.dll, DataCollectionTestCaseEventHandler: Test case 'TestCopyConstructorWithNull - c209977b-0d01-8413-f30f-8b3965d37e36' completed
TpTrace Information: 0 : 20988, 10, 2025/02/16, 21:26:52.301, 2311913261210, datacollector.dll, DataCollectionTestCaseEventHandler: Test case starting.
TpTrace Information: 0 : 20988, 10, 2025/02/16, 21:26:52.302, 2311913270383, datacollector.dll, BlameCollector.EventsTestCaseStart: Test Case Start
TpTrace Verbose: 0 : 20988, 10, 2025/02/16, 21:26:52.302, 2311913271190, datacollector.dll, MulticastDelegateUtilities.SafeInvoke: DataCollectionEvents.TestCaseStart: Invoking callback 1/1 for Microsoft.TestPlatform.Extensions.BlameDataCollector.BlameCollector., took 0 ms.
TpTrace Information: 0 : 20988, 10, 2025/02/16, 21:26:52.302, 2311913273855, datacollector.dll, DataCollectionTestCaseEventHandler: Test case 'TestCalculateRange - 8d6a231b-8a16-ac49-8c4b-024ad5dd0a4d' started.
TpTrace Information: 0 : 20988, 10, 2025/02/16, 21:26:52.304, 2311913289689, datacollector.dll, DataCollectionTestCaseEventHandler: Test case completing.
TpTrace Information: 0 : 20988, 10, 2025/02/16, 21:26:52.305, 2311913300578, datacollector.dll, BlameCollector.EventsTestCaseEnd: Test Case End
TpTrace Verbose: 0 : 20988, 10, 2025/02/16, 21:26:52.305, 2311913301400, datacollector.dll, MulticastDelegateUtilities.SafeInvoke: DataCollectionEvents.TestCaseEnd: Invoking callback 1/1 for Microsoft.TestPlatform.Extensions.BlameDataCollector.BlameCollector., took 0 ms.
TpTrace Information: 0 : 20988, 10, 2025/02/16, 21:26:52.305, 2311913302659, datacollector.dll, DataCollectionTestCaseEventHandler: Test case 'TestCalculateRange - 8d6a231b-8a16-ac49-8c4b-024ad5dd0a4d' completed
TpTrace Information: 0 : 20988, 10, 2025/02/16, 21:26:52.306, 2311913312771, datacollector.dll, DataCollectionTestCaseEventHandler: Test case starting.
TpTrace Information: 0 : 20988, 10, 2025/02/16, 21:26:52.307, 2311913321776, datacollector.dll, BlameCollector.EventsTestCaseStart: Test Case Start
TpTrace Verbose: 0 : 20988, 10, 2025/02/16, 21:26:52.307, 2311913322475, datacollector.dll, MulticastDelegateUtilities.SafeInvoke: DataCollectionEvents.TestCaseStart: Invoking callback 1/1 for Microsoft.TestPlatform.Extensions.BlameDataCollector.BlameCollector., took 0 ms.
TpTrace Information: 0 : 20988, 10, 2025/02/16, 21:26:52.307, 2311913323388, datacollector.dll, DataCollectionTestCaseEventHandler: Test case 'TestStCalculateRange - 1d6c3749-b9ef-424d-a70f-a0c454592d28' started.
TpTrace Information: 0 : 20988, 10, 2025/02/16, 21:26:52.309, 2311913335051, datacollector.dll, DataCollectionTestCaseEventHandler: Test case completing.
TpTrace Information: 0 : 20988, 10, 2025/02/16, 21:26:52.310, 2311913349083, datacollector.dll, BlameCollector.EventsTestCaseEnd: Test Case End
TpTrace Verbose: 0 : 20988, 10, 2025/02/16, 21:26:52.310, 2311913349900, datacollector.dll, MulticastDelegateUtilities.SafeInvoke: DataCollectionEvents.TestCaseEnd: Invoking callback 1/1 for Microsoft.TestPlatform.Extensions.BlameDataCollector.BlameCollector., took 0 ms.
TpTrace Information: 0 : 20988, 10, 2025/02/16, 21:26:52.310, 2311913351302, datacollector.dll, DataCollectionTestCaseEventHandler: Test case 'TestStCalculateRange - 1d6c3749-b9ef-424d-a70f-a0c454592d28' completed
TpTrace Information: 0 : 20988, 10, 2025/02/16, 21:26:52.311, 2311913363825, datacollector.dll, DataCollectionTestCaseEventHandler: Test case starting.
TpTrace Information: 0 : 20988, 10, 2025/02/16, 21:26:52.313, 2311913374965, datacollector.dll, BlameCollector.EventsTestCaseStart: Test Case Start
TpTrace Verbose: 0 : 20988, 10, 2025/02/16, 21:26:52.313, 2311913376000, datacollector.dll, MulticastDelegateUtilities.SafeInvoke: DataCollectionEvents.TestCaseStart: Invoking callback 1/1 for Microsoft.TestPlatform.Extensions.BlameDataCollector.BlameCollector., took 0 ms.
TpTrace Information: 0 : 20988, 10, 2025/02/16, 21:26:52.313, 2311913376966, datacollector.dll, DataCollectionTestCaseEventHandler: Test case 'TestIncrementOperator - 5195a1a4-1e74-2e09-0a53-e48424960204' started.
TpTrace Information: 0 : 20988, 10, 2025/02/16, 21:26:52.314, 2311913393086, datacollector.dll, DataCollectionTestCaseEventHandler: Test case completing.
TpTrace Information: 0 : 20988, 10, 2025/02/16, 21:26:52.316, 2311913406090, datacollector.dll, BlameCollector.EventsTestCaseEnd: Test Case End
TpTrace Verbose: 0 : 20988, 10, 2025/02/16, 21:26:52.316, 2311913406998, datacollector.dll, MulticastDelegateUtilities.SafeInvoke: DataCollectionEvents.TestCaseEnd: Invoking callback 1/1 for Microsoft.TestPlatform.Extensions.BlameDataCollector.BlameCollector., took 0 ms.
TpTrace Information: 0 : 20988, 10, 2025/02/16, 21:26:52.316, 2311913408473, datacollector.dll, DataCollectionTestCaseEventHandler: Test case 'TestIncrementOperator - 5195a1a4-1e74-2e09-0a53-e48424960204' completed
TpTrace Information: 0 : 20988, 10, 2025/02/16, 21:26:52.353, 2311913780631, datacollector.dll, DataCollectionTestCaseEventHandler: Test case starting.
TpTrace Information: 0 : 20988, 10, 2025/02/16, 21:26:52.355, 2311913800969, datacollector.dll, BlameCollector.EventsTestCaseStart: Test Case Start
TpTrace Verbose: 0 : 20988, 10, 2025/02/16, 21:26:52.355, 2311913802003, datacollector.dll, MulticastDelegateUtilities.SafeInvoke: DataCollectionEvents.TestCaseStart: Invoking callback 1/1 for Microsoft.TestPlatform.Extensions.BlameDataCollector.BlameCollector., took 0 ms.
TpTrace Information: 0 : 20988, 10, 2025/02/16, 21:26:52.355, 2311913803497, datacollector.dll, DataCollectionTestCaseEventHandler: Test case 'TestDecrementOperator - c7c90630-9bbc-cef0-68c2-f5454707d6e7' started.
TpTrace Information: 0 : 20988, 10, 2025/02/16, 21:26:52.357, 2311913818331, datacollector.dll, DataCollectionTestCaseEventHandler: Test case completing.
TpTrace Information: 0 : 20988, 10, 2025/02/16, 21:26:52.358, 2311913827024, datacollector.dll, BlameCollector.EventsTestCaseEnd: Test Case End
TpTrace Verbose: 0 : 20988, 10, 2025/02/16, 21:26:52.358, 2311913827824, datacollector.dll, MulticastDelegateUtilities.SafeInvoke: DataCollectionEvents.TestCaseEnd: Invoking callback 1/1 for Microsoft.TestPlatform.Extensions.BlameDataCollector.BlameCollector., took 0 ms.
TpTrace Information: 0 : 20988, 10, 2025/02/16, 21:26:52.358, 2311913829026, datacollector.dll, DataCollectionTestCaseEventHandler: Test case 'TestDecrementOperator - c7c90630-9bbc-cef0-68c2-f5454707d6e7' completed
TpTrace Information: 0 : 20988, 10, 2025/02/16, 21:26:52.359, 2311913838898, datacollector.dll, DataCollectionTestCaseEventHandler: Test case starting.
TpTrace Information: 0 : 20988, 10, 2025/02/16, 21:26:52.360, 2311913851340, datacollector.dll, BlameCollector.EventsTestCaseStart: Test Case Start
TpTrace Verbose: 0 : 20988, 10, 2025/02/16, 21:26:52.360, 2311913853159, datacollector.dll, MulticastDelegateUtilities.SafeInvoke: DataCollectionEvents.TestCaseStart: Invoking callback 1/1 for Microsoft.TestPlatform.Extensions.BlameDataCollector.BlameCollector., took 0 ms.
TpTrace Information: 0 : 20988, 10, 2025/02/16, 21:26:52.361, 2311913854839, datacollector.dll, DataCollectionTestCaseEventHandler: Test case 'TestExplicitBool_True - 8461ffa6-9d8e-d295-2191-eecc0f7a4ae9' started.
TpTrace Information: 0 : 20988, 10, 2025/02/16, 21:26:52.363, 2311913874457, datacollector.dll, DataCollectionTestCaseEventHandler: Test case completing.
TpTrace Information: 0 : 20988, 10, 2025/02/16, 21:26:52.363, 2311913883240, datacollector.dll, BlameCollector.EventsTestCaseEnd: Test Case End
TpTrace Verbose: 0 : 20988, 10, 2025/02/16, 21:26:52.363, 2311913883856, datacollector.dll, MulticastDelegateUtilities.SafeInvoke: DataCollectionEvents.TestCaseEnd: Invoking callback 1/1 for Microsoft.TestPlatform.Extensions.BlameDataCollector.BlameCollector., took 0 ms.
TpTrace Information: 0 : 20988, 10, 2025/02/16, 21:26:52.364, 2311913885104, datacollector.dll, DataCollectionTestCaseEventHandler: Test case 'TestExplicitBool_True - 8461ffa6-9d8e-d295-2191-eecc0f7a4ae9' completed
TpTrace Information: 0 : 20988, 10, 2025/02/16, 21:26:52.365, 2311913895596, datacollector.dll, DataCollectionTestCaseEventHandler: Test case starting.
TpTrace Information: 0 : 20988, 10, 2025/02/16, 21:26:52.366, 2311913905496, datacollector.dll, BlameCollector.EventsTestCaseStart: Test Case Start
TpTrace Verbose: 0 : 20988, 10, 2025/02/16, 21:26:52.366, 2311913906180, datacollector.dll, MulticastDelegateUtilities.SafeInvoke: DataCollectionEvents.TestCaseStart: Invoking callback 1/1 for Microsoft.TestPlatform.Extensions.BlameDataCollector.BlameCollector., took 0 ms.
TpTrace Information: 0 : 20988, 10, 2025/02/16, 21:26:52.366, 2311913907239, datacollector.dll, DataCollectionTestCaseEventHandler: Test case 'TestExplicitBool_False - ea792eb1-fce9-c073-ea53-4e4e95e2ecac' started.
TpTrace Information: 0 : 20988, 10, 2025/02/16, 21:26:52.367, 2311913921880, datacollector.dll, DataCollectionTestCaseEventHandler: Test case completing.
TpTrace Information: 0 : 20988, 10, 2025/02/16, 21:26:52.369, 2311913934314, datacollector.dll, BlameCollector.EventsTestCaseEnd: Test Case End
TpTrace Verbose: 0 : 20988, 10, 2025/02/16, 21:26:52.369, 2311913935101, datacollector.dll, MulticastDelegateUtilities.SafeInvoke: DataCollectionEvents.TestCaseEnd: Invoking callback 1/1 for Microsoft.TestPlatform.Extensions.BlameDataCollector.BlameCollector., took 0 ms.
TpTrace Information: 0 : 20988, 10, 2025/02/16, 21:26:52.369, 2311913936383, datacollector.dll, DataCollectionTestCaseEventHandler: Test case 'TestExplicitBool_False - ea792eb1-fce9-c073-ea53-4e4e95e2ecac' completed
TpTrace Information: 0 : 20988, 10, 2025/02/16, 21:26:52.370, 2311913948968, datacollector.dll, DataCollectionTestCaseEventHandler: Test case starting.
TpTrace Information: 0 : 20988, 10, 2025/02/16, 21:26:52.371, 2311913958883, datacollector.dll, BlameCollector.EventsTestCaseStart: Test Case Start
TpTrace Verbose: 0 : 20988, 10, 2025/02/16, 21:26:52.371, 2311913959582, datacollector.dll, MulticastDelegateUtilities.SafeInvoke: DataCollectionEvents.TestCaseStart: Invoking callback 1/1 for Microsoft.TestPlatform.Extensions.BlameDataCollector.BlameCollector., took 0 ms.
TpTrace Information: 0 : 20988, 10, 2025/02/16, 21:26:52.371, 2311913960583, datacollector.dll, DataCollectionTestCaseEventHandler: Test case 'TestImplicitDouble_True - 738e8199-81bd-270e-3040-883109b3db44' started.
TpTrace Information: 0 : 20988, 10, 2025/02/16, 21:26:52.373, 2311913975434, datacollector.dll, DataCollectionTestCaseEventHandler: Test case completing.
TpTrace Information: 0 : 20988, 10, 2025/02/16, 21:26:52.374, 2311913984381, datacollector.dll, BlameCollector.EventsTestCaseEnd: Test Case End
TpTrace Verbose: 0 : 20988, 10, 2025/02/16, 21:26:52.374, 2311913985015, datacollector.dll, MulticastDelegateUtilities.SafeInvoke: DataCollectionEvents.TestCaseEnd: Invoking callback 1/1 for Microsoft.TestPlatform.Extensions.BlameDataCollector.BlameCollector., took 0 ms.
TpTrace Information: 0 : 20988, 10, 2025/02/16, 21:26:52.374, 2311913986134, datacollector.dll, DataCollectionTestCaseEventHandler: Test case 'TestImplicitDouble_True - 738e8199-81bd-270e-3040-883109b3db44' completed
TpTrace Information: 0 : 20988, 10, 2025/02/16, 21:26:52.375, 2311913996125, datacollector.dll, DataCollectionTestCaseEventHandler: Test case starting.
TpTrace Information: 0 : 20988, 10, 2025/02/16, 21:26:52.376, 2311914008246, datacollector.dll, BlameCollector.EventsTestCaseStart: Test Case Start
TpTrace Verbose: 0 : 20988, 10, 2025/02/16, 21:26:52.376, 2311914009313, datacollector.dll, MulticastDelegateUtilities.SafeInvoke: DataCollectionEvents.TestCaseStart: Invoking callback 1/1 for Microsoft.TestPlatform.Extensions.BlameDataCollector.BlameCollector., took 0 ms.
TpTrace Information: 0 : 20988, 10, 2025/02/16, 21:26:52.376, 2311914010882, datacollector.dll, DataCollectionTestCaseEventHandler: Test case 'TestImplicitDouble_False - c7096b5c-b1dc-dc3e-0079-fb468ada5507' started.
TpTrace Information: 0 : 20988, 10, 2025/02/16, 21:26:52.377, 2311914022823, datacollector.dll, DataCollectionTestCaseEventHandler: Test case completing.
TpTrace Information: 0 : 20988, 10, 2025/02/16, 21:26:52.378, 2311914030736, datacollector.dll, BlameCollector.EventsTestCaseEnd: Test Case End
TpTrace Verbose: 0 : 20988, 10, 2025/02/16, 21:26:52.378, 2311914031474, datacollector.dll, MulticastDelegateUtilities.SafeInvoke: DataCollectionEvents.TestCaseEnd: Invoking callback 1/1 for Microsoft.TestPlatform.Extensions.BlameDataCollector.BlameCollector., took 0 ms.
TpTrace Information: 0 : 20988, 10, 2025/02/16, 21:26:52.378, 2311914032862, datacollector.dll, DataCollectionTestCaseEventHandler: Test case 'TestImplicitDouble_False - c7096b5c-b1dc-dc3e-0079-fb468ada5507' completed
TpTrace Information: 0 : 20988, 10, 2025/02/16, 21:26:52.380, 2311914044618, datacollector.dll, DataCollectionTestCaseEventHandler: Test case starting.
TpTrace Information: 0 : 20988, 10, 2025/02/16, 21:26:52.380, 2311914053750, datacollector.dll, BlameCollector.EventsTestCaseStart: Test Case Start
TpTrace Verbose: 0 : 20988, 10, 2025/02/16, 21:26:52.381, 2311914054702, datacollector.dll, MulticastDelegateUtilities.SafeInvoke: DataCollectionEvents.TestCaseStart: Invoking callback 1/1 for Microsoft.TestPlatform.Extensions.BlameDataCollector.BlameCollector., took 0 ms.
TpTrace Information: 0 : 20988, 10, 2025/02/16, 21:26:52.381, 2311914055738, datacollector.dll, DataCollectionTestCaseEventHandler: Test case 'TestLeftAddOperator - 50c0f66f-b4e1-7e6f-2920-1f6893a5a221' started.
TpTrace Information: 0 : 20988, 10, 2025/02/16, 21:26:52.382, 2311914071054, datacollector.dll, DataCollectionTestCaseEventHandler: Test case completing.
TpTrace Information: 0 : 20988, 10, 2025/02/16, 21:26:52.383, 2311914083525, datacollector.dll, BlameCollector.EventsTestCaseEnd: Test Case End
TpTrace Verbose: 0 : 20988, 10, 2025/02/16, 21:26:52.384, 2311914084230, datacollector.dll, MulticastDelegateUtilities.SafeInvoke: DataCollectionEvents.TestCaseEnd: Invoking callback 1/1 for Microsoft.TestPlatform.Extensions.BlameDataCollector.BlameCollector., took 0 ms.
TpTrace Information: 0 : 20988, 10, 2025/02/16, 21:26:52.384, 2311914085522, datacollector.dll, DataCollectionTestCaseEventHandler: Test case 'TestLeftAddOperator - 50c0f66f-b4e1-7e6f-2920-1f6893a5a221' completed
TpTrace Information: 0 : 20988, 10, 2025/02/16, 21:26:52.391, 2311914155305, datacollector.dll, DataCollectionTestCaseEventHandler: Test case starting.
TpTrace Information: 0 : 20988, 10, 2025/02/16, 21:26:52.393, 2311914176296, datacollector.dll, BlameCollector.EventsTestCaseStart: Test Case Start
TpTrace Verbose: 0 : 20988, 10, 2025/02/16, 21:26:52.393, 2311914178310, datacollector.dll, MulticastDelegateUtilities.SafeInvoke: DataCollectionEvents.TestCaseStart: Invoking callback 1/1 for Microsoft.TestPlatform.Extensions.BlameDataCollector.BlameCollector., took 0 ms.
TpTrace Information: 0 : 20988, 10, 2025/02/16, 21:26:52.393, 2311914180025, datacollector.dll, DataCollectionTestCaseEventHandler: Test case 'TestRightAddOperator - f8de51b5-a80f-0b57-38a8-ef1ee2cbc406' started.
TpTrace Information: 0 : 20988, 10, 2025/02/16, 21:26:52.395, 2311914196412, datacollector.dll, DataCollectionTestCaseEventHandler: Test case completing.
TpTrace Information: 0 : 20988, 10, 2025/02/16, 21:26:52.396, 2311914207827, datacollector.dll, BlameCollector.EventsTestCaseEnd: Test Case End
TpTrace Verbose: 0 : 20988, 10, 2025/02/16, 21:26:52.396, 2311914208644, datacollector.dll, MulticastDelegateUtilities.SafeInvoke: DataCollectionEvents.TestCaseEnd: Invoking callback 1/1 for Microsoft.TestPlatform.Extensions.BlameDataCollector.BlameCollector., took 0 ms.
TpTrace Information: 0 : 20988, 10, 2025/02/16, 21:26:52.396, 2311914210324, datacollector.dll, DataCollectionTestCaseEventHandler: Test case 'TestRightAddOperator - f8de51b5-a80f-0b57-38a8-ef1ee2cbc406' completed
TpTrace Information: 0 : 20988, 10, 2025/02/16, 21:26:52.397, 2311914221868, datacollector.dll, DataCollectionTestCaseEventHandler: Test case starting.
TpTrace Information: 0 : 20988, 10, 2025/02/16, 21:26:52.398, 2311914232463, datacollector.dll, BlameCollector.EventsTestCaseStart: Test Case Start
TpTrace Verbose: 0 : 20988, 10, 2025/02/16, 21:26:52.398, 2311914233149, datacollector.dll, MulticastDelegateUtilities.SafeInvoke: DataCollectionEvents.TestCaseStart: Invoking callback 1/1 for Microsoft.TestPlatform.Extensions.BlameDataCollector.BlameCollector., took 0 ms.
TpTrace Information: 0 : 20988, 10, 2025/02/16, 21:26:52.399, 2311914234179, datacollector.dll, DataCollectionTestCaseEventHandler: Test case 'TestEqualityOperator_True - 2efc81fb-d984-e50e-abd0-b8fa85e92530' started.
TpTrace Information: 0 : 20988, 10, 2025/02/16, 21:26:52.400, 2311914246114, datacollector.dll, DataCollectionTestCaseEventHandler: Test case completing.
TpTrace Information: 0 : 20988, 10, 2025/02/16, 21:26:52.401, 2311914257703, datacollector.dll, BlameCollector.EventsTestCaseEnd: Test Case End
TpTrace Verbose: 0 : 20988, 10, 2025/02/16, 21:26:52.401, 2311914258497, datacollector.dll, MulticastDelegateUtilities.SafeInvoke: DataCollectionEvents.TestCaseEnd: Invoking callback 1/1 for Microsoft.TestPlatform.Extensions.BlameDataCollector.BlameCollector., took 0 ms.
TpTrace Information: 0 : 20988, 10, 2025/02/16, 21:26:52.401, 2311914260590, datacollector.dll, DataCollectionTestCaseEventHandler: Test case 'TestEqualityOperator_True - 2efc81fb-d984-e50e-abd0-b8fa85e92530' completed
TpTrace Information: 0 : 20988, 10, 2025/02/16, 21:26:52.402, 2311914269596, datacollector.dll, DataCollectionTestCaseEventHandler: Test case starting.
TpTrace Information: 0 : 20988, 10, 2025/02/16, 21:26:52.403, 2311914283391, datacollector.dll, BlameCollector.EventsTestCaseStart: Test Case Start
TpTrace Verbose: 0 : 20988, 10, 2025/02/16, 21:26:52.404, 2311914284479, datacollector.dll, MulticastDelegateUtilities.SafeInvoke: DataCollectionEvents.TestCaseStart: Invoking callback 1/1 for Microsoft.TestPlatform.Extensions.BlameDataCollector.BlameCollector., took 0 ms.
TpTrace Information: 0 : 20988, 10, 2025/02/16, 21:26:52.404, 2311914285785, datacollector.dll, DataCollectionTestCaseEventHandler: Test case 'TestEqualityOperator_False - 53a1a89d-09c6-9fd0-6fe5-4cf01dc59de3' started.
TpTrace Information: 0 : 20988, 10, 2025/02/16, 21:26:52.405, 2311914297904, datacollector.dll, DataCollectionTestCaseEventHandler: Test case completing.
TpTrace Information: 0 : 20988, 10, 2025/02/16, 21:26:52.406, 2311914307141, datacollector.dll, BlameCollector.EventsTestCaseEnd: Test Case End
TpTrace Verbose: 0 : 20988, 10, 2025/02/16, 21:26:52.406, 2311914307920, datacollector.dll, MulticastDelegateUtilities.SafeInvoke: DataCollectionEvents.TestCaseEnd: Invoking callback 1/1 for Microsoft.TestPlatform.Extensions.BlameDataCollector.BlameCollector., took 0 ms.
TpTrace Information: 0 : 20988, 10, 2025/02/16, 21:26:52.406, 2311914309150, datacollector.dll, DataCollectionTestCaseEventHandler: Test case 'TestEqualityOperator_False - 53a1a89d-09c6-9fd0-6fe5-4cf01dc59de3' completed
TpTrace Information: 0 : 20988, 10, 2025/02/16, 21:26:52.410, 2311914350378, datacollector.dll, DataCollectionTestCaseEventHandler: Test case starting.
TpTrace Information: 0 : 20988, 10, 2025/02/16, 21:26:52.412, 2311914367372, datacollector.dll, BlameCollector.EventsTestCaseStart: Test Case Start
TpTrace Verbose: 0 : 20988, 10, 2025/02/16, 21:26:52.412, 2311914368489, datacollector.dll, MulticastDelegateUtilities.SafeInvoke: DataCollectionEvents.TestCaseStart: Invoking callback 1/1 for Microsoft.TestPlatform.Extensions.BlameDataCollector.BlameCollector., took 0 ms.
TpTrace Information: 0 : 20988, 10, 2025/02/16, 21:26:52.412, 2311914370716, datacollector.dll, DataCollectionTestCaseEventHandler: Test case 'TestInequalityOperator_True - 747e6871-d8c3-6eec-7fd5-fef75859783d' started.
TpTrace Information: 0 : 20988, 10, 2025/02/16, 21:26:52.414, 2311914385068, datacollector.dll, DataCollectionTestCaseEventHandler: Test case completing.
TpTrace Information: 0 : 20988, 10, 2025/02/16, 21:26:52.415, 2311914401598, datacollector.dll, BlameCollector.EventsTestCaseEnd: Test Case End
TpTrace Verbose: 0 : 20988, 10, 2025/02/16, 21:26:52.415, 2311914402470, datacollector.dll, MulticastDelegateUtilities.SafeInvoke: DataCollectionEvents.TestCaseEnd: Invoking callback 1/1 for Microsoft.TestPlatform.Extensions.BlameDataCollector.BlameCollector., took 0 ms.
TpTrace Information: 0 : 20988, 10, 2025/02/16, 21:26:52.416, 2311914404167, datacollector.dll, DataCollectionTestCaseEventHandler: Test case 'TestInequalityOperator_True - 747e6871-d8c3-6eec-7fd5-fef75859783d' completed
TpTrace Information: 0 : 20988, 10, 2025/02/16, 21:26:52.417, 2311914414783, datacollector.dll, DataCollectionTestCaseEventHandler: Test case starting.
TpTrace Information: 0 : 20988, 10, 2025/02/16, 21:26:52.418, 2311914433473, datacollector.dll, BlameCollector.EventsTestCaseStart: Test Case Start
TpTrace Verbose: 0 : 20988, 10, 2025/02/16, 21:26:52.419, 2311914434749, datacollector.dll, MulticastDelegateUtilities.SafeInvoke: DataCollectionEvents.TestCaseStart: Invoking callback 1/1 for Microsoft.TestPlatform.Extensions.BlameDataCollector.BlameCollector., took 0 ms.
TpTrace Information: 0 : 20988, 10, 2025/02/16, 21:26:52.419, 2311914437474, datacollector.dll, DataCollectionTestCaseEventHandler: Test case 'TestInequalityOperator_False - c43fbb83-4dea-475b-fc24-8543e4aeb5aa' started.
TpTrace Information: 0 : 20988, 10, 2025/02/16, 21:26:52.420, 2311914450860, datacollector.dll, DataCollectionTestCaseEventHandler: Test case completing.
TpTrace Information: 0 : 20988, 10, 2025/02/16, 21:26:52.422, 2311914468111, datacollector.dll, BlameCollector.EventsTestCaseEnd: Test Case End
TpTrace Verbose: 0 : 20988, 10, 2025/02/16, 21:26:52.422, 2311914469034, datacollector.dll, MulticastDelegateUtilities.SafeInvoke: DataCollectionEvents.TestCaseEnd: Invoking callback 1/1 for Microsoft.TestPlatform.Extensions.BlameDataCollector.BlameCollector., took 0 ms.
TpTrace Information: 0 : 20988, 10, 2025/02/16, 21:26:52.422, 2311914471041, datacollector.dll, DataCollectionTestCaseEventHandler: Test case 'TestInequalityOperator_False - c43fbb83-4dea-475b-fc24-8543e4aeb5aa' completed
TpTrace Information: 0 : 20988, 10, 2025/02/16, 21:26:52.423, 2311914480354, datacollector.dll, DataCollectionTestCaseEventHandler: Test case starting.
TpTrace Information: 0 : 20988, 10, 2025/02/16, 21:26:52.424, 2311914491738, datacollector.dll, BlameCollector.EventsTestCaseStart: Test Case Start
TpTrace Verbose: 0 : 20988, 10, 2025/02/16, 21:26:52.424, 2311914492460, datacollector.dll, MulticastDelegateUtilities.SafeInvoke: DataCollectionEvents.TestCaseStart: Invoking callback 1/1 for Microsoft.TestPlatform.Extensions.BlameDataCollector.BlameCollector., took 0 ms.
TpTrace Information: 0 : 20988, 10, 2025/02/16, 21:26:52.424, 2311914493327, datacollector.dll, DataCollectionTestCaseEventHandler: Test case 'TestEqualMethod_True - adad116c-f9cc-5395-8d7b-3b9c154e94a1' started.
TpTrace Information: 0 : 20988, 10, 2025/02/16, 21:26:52.426, 2311914506516, datacollector.dll, DataCollectionTestCaseEventHandler: Test case completing.
TpTrace Information: 0 : 20988, 10, 2025/02/16, 21:26:52.427, 2311914516681, datacollector.dll, BlameCollector.EventsTestCaseEnd: Test Case End
TpTrace Verbose: 0 : 20988, 10, 2025/02/16, 21:26:52.427, 2311914517624, datacollector.dll, MulticastDelegateUtilities.SafeInvoke: DataCollectionEvents.TestCaseEnd: Invoking callback 1/1 for Microsoft.TestPlatform.Extensions.BlameDataCollector.BlameCollector., took 0 ms.
TpTrace Information: 0 : 20988, 10, 2025/02/16, 21:26:52.427, 2311914519392, datacollector.dll, DataCollectionTestCaseEventHandler: Test case 'TestEqualMethod_True - adad116c-f9cc-5395-8d7b-3b9c154e94a1' completed
TpTrace Information: 0 : 20988, 10, 2025/02/16, 21:26:52.428, 2311914529316, datacollector.dll, DataCollectionTestCaseEventHandler: Test case starting.
TpTrace Information: 0 : 20988, 10, 2025/02/16, 21:26:52.429, 2311914543071, datacollector.dll, BlameCollector.EventsTestCaseStart: Test Case Start
TpTrace Verbose: 0 : 20988, 10, 2025/02/16, 21:26:52.429, 2311914543891, datacollector.dll, MulticastDelegateUtilities.SafeInvoke: DataCollectionEvents.TestCaseStart: Invoking callback 1/1 for Microsoft.TestPlatform.Extensions.BlameDataCollector.BlameCollector., took 0 ms.
TpTrace Information: 0 : 20988, 10, 2025/02/16, 21:26:52.430, 2311914544926, datacollector.dll, DataCollectionTestCaseEventHandler: Test case 'TestEqualMethod_False - 17beee96-f167-65e4-d02a-06b588540c84' started.
TpTrace Information: 0 : 20988, 10, 2025/02/16, 21:26:52.431, 2311914556559, datacollector.dll, DataCollectionTestCaseEventHandler: Test case completing.
TpTrace Information: 0 : 20988, 10, 2025/02/16, 21:26:52.432, 2311914565873, datacollector.dll, BlameCollector.EventsTestCaseEnd: Test Case End
TpTrace Verbose: 0 : 20988, 10, 2025/02/16, 21:26:52.432, 2311914567159, datacollector.dll, MulticastDelegateUtilities.SafeInvoke: DataCollectionEvents.TestCaseEnd: Invoking callback 1/1 for Microsoft.TestPlatform.Extensions.BlameDataCollector.BlameCollector., took 0 ms.
TpTrace Information: 0 : 20988, 10, 2025/02/16, 21:26:52.432, 2311914568587, datacollector.dll, DataCollectionTestCaseEventHandler: Test case 'TestEqualMethod_False - 17beee96-f167-65e4-d02a-06b588540c84' completed
TpTrace Information: 0 : 20988, 10, 2025/02/16, 21:26:52.437, 2311914620113, datacollector.dll, DataCollectionTestCaseEventHandler: Test case starting.
TpTrace Information: 0 : 20988, 10, 2025/02/16, 21:26:52.438, 2311914628819, datacollector.dll, BlameCollector.EventsTestCaseStart: Test Case Start
TpTrace Verbose: 0 : 20988, 10, 2025/02/16, 21:26:52.438, 2311914629524, datacollector.dll, MulticastDelegateUtilities.SafeInvoke: DataCollectionEvents.TestCaseStart: Invoking callback 1/1 for Microsoft.TestPlatform.Extensions.BlameDataCollector.BlameCollector., took 0 ms.
TpTrace Information: 0 : 20988, 10, 2025/02/16, 21:26:52.438, 2311914630587, datacollector.dll, DataCollectionTestCaseEventHandler: Test case 'TestDefaultConstructor - 85d14c8d-f8fd-9c58-2261-abcc10820918' started.
TpTrace Information: 0 : 20988, 10, 2025/02/16, 21:26:52.440, 2311914651184, datacollector.dll, DataCollectionTestCaseEventHandler: Test case completing.
TpTrace Information: 0 : 20988, 10, 2025/02/16, 21:26:52.441, 2311914658567, datacollector.dll, BlameCollector.EventsTestCaseEnd: Test Case End
TpTrace Verbose: 0 : 20988, 10, 2025/02/16, 21:26:52.441, 2311914659264, datacollector.dll, MulticastDelegateUtilities.SafeInvoke: DataCollectionEvents.TestCaseEnd: Invoking callback 1/1 for Microsoft.TestPlatform.Extensions.BlameDataCollector.BlameCollector., took 0 ms.
TpTrace Information: 0 : 20988, 10, 2025/02/16, 21:26:52.441, 2311914660728, datacollector.dll, DataCollectionTestCaseEventHandler: Test case 'TestDefaultConstructor - 85d14c8d-f8fd-9c58-2261-abcc10820918' completed
TpTrace Information: 0 : 20988, 10, 2025/02/16, 21:26:52.442, 2311914670216, datacollector.dll, DataCollectionTestCaseEventHandler: Test case starting.
TpTrace Information: 0 : 20988, 10, 2025/02/16, 21:26:52.443, 2311914676443, datacollector.dll, BlameCollector.EventsTestCaseStart: Test Case Start
TpTrace Verbose: 0 : 20988, 10, 2025/02/16, 21:26:52.443, 2311914677016, datacollector.dll, MulticastDelegateUtilities.SafeInvoke: DataCollectionEvents.TestCaseStart: Invoking callback 1/1 for Microsoft.TestPlatform.Extensions.BlameDataCollector.BlameCollector., took 0 ms.
TpTrace Information: 0 : 20988, 10, 2025/02/16, 21:26:52.443, 2311914677796, datacollector.dll, DataCollectionTestCaseEventHandler: Test case 'TestArrayConstructor_Length - bb11df15-9974-b592-ef67-c55e39e6fd97' started.
TpTrace Information: 0 : 20988, 10, 2025/02/16, 21:26:52.444, 2311914688908, datacollector.dll, DataCollectionTestCaseEventHandler: Test case completing.
TpTrace Information: 0 : 20988, 10, 2025/02/16, 21:26:52.445, 2311914695162, datacollector.dll, BlameCollector.EventsTestCaseEnd: Test Case End
TpTrace Verbose: 0 : 20988, 10, 2025/02/16, 21:26:52.445, 2311914695729, datacollector.dll, MulticastDelegateUtilities.SafeInvoke: DataCollectionEvents.TestCaseEnd: Invoking callback 1/1 for Microsoft.TestPlatform.Extensions.BlameDataCollector.BlameCollector., took 0 ms.
TpTrace Information: 0 : 20988, 10, 2025/02/16, 21:26:52.445, 2311914696608, datacollector.dll, DataCollectionTestCaseEventHandler: Test case 'TestArrayConstructor_Length - bb11df15-9974-b592-ef67-c55e39e6fd97' completed
TpTrace Information: 0 : 20988, 10, 2025/02/16, 21:26:52.446, 2311914704453, datacollector.dll, DataCollectionTestCaseEventHandler: Test case starting.
TpTrace Information: 0 : 20988, 10, 2025/02/16, 21:26:52.446, 2311914710699, datacollector.dll, BlameCollector.EventsTestCaseStart: Test Case Start
TpTrace Verbose: 0 : 20988, 10, 2025/02/16, 21:26:52.446, 2311914711337, datacollector.dll, MulticastDelegateUtilities.SafeInvoke: DataCollectionEvents.TestCaseStart: Invoking callback 1/1 for Microsoft.TestPlatform.Extensions.BlameDataCollector.BlameCollector., took 0 ms.
TpTrace Information: 0 : 20988, 10, 2025/02/16, 21:26:52.446, 2311914712155, datacollector.dll, DataCollectionTestCaseEventHandler: Test case 'TestArrayCopyConstructor - 61b54aa1-b48d-900c-41ff-c051352a83d8' started.
TpTrace Information: 0 : 20988, 10, 2025/02/16, 21:26:52.448, 2311914726921, datacollector.dll, DataCollectionTestCaseEventHandler: Test case completing.
TpTrace Information: 0 : 20988, 10, 2025/02/16, 21:26:52.448, 2311914733198, datacollector.dll, BlameCollector.EventsTestCaseEnd: Test Case End
TpTrace Verbose: 0 : 20988, 10, 2025/02/16, 21:26:52.448, 2311914733910, datacollector.dll, MulticastDelegateUtilities.SafeInvoke: DataCollectionEvents.TestCaseEnd: Invoking callback 1/1 for Microsoft.TestPlatform.Extensions.BlameDataCollector.BlameCollector., took 0 ms.
TpTrace Information: 0 : 20988, 10, 2025/02/16, 21:26:52.449, 2311914734801, datacollector.dll, DataCollectionTestCaseEventHandler: Test case 'TestArrayCopyConstructor - 61b54aa1-b48d-900c-41ff-c051352a83d8' completed
TpTrace Information: 0 : 20988, 10, 2025/02/16, 21:26:52.450, 2311914745695, datacollector.dll, DataCollectionTestCaseEventHandler: Test case starting.
TpTrace Information: 0 : 20988, 10, 2025/02/16, 21:26:52.451, 2311914754600, datacollector.dll, BlameCollector.EventsTestCaseStart: Test Case Start
TpTrace Verbose: 0 : 20988, 10, 2025/02/16, 21:26:52.451, 2311914755306, datacollector.dll, MulticastDelegateUtilities.SafeInvoke: DataCollectionEvents.TestCaseStart: Invoking callback 1/1 for Microsoft.TestPlatform.Extensions.BlameDataCollector.BlameCollector., took 0 ms.
TpTrace Information: 0 : 20988, 10, 2025/02/16, 21:26:52.451, 2311914756219, datacollector.dll, DataCollectionTestCaseEventHandler: Test case 'TestRandomConstructor - 2acdfc67-f5f7-6770-8409-5b816850736d' started.
TpTrace Information: 0 : 20988, 10, 2025/02/16, 21:26:52.452, 2311914770719, datacollector.dll, DataCollectionTestCaseEventHandler: Test case completing.
TpTrace Information: 0 : 20988, 10, 2025/02/16, 21:26:52.453, 2311914779735, datacollector.dll, BlameCollector.EventsTestCaseEnd: Test Case End
TpTrace Verbose: 0 : 20988, 10, 2025/02/16, 21:26:52.453, 2311914780653, datacollector.dll, MulticastDelegateUtilities.SafeInvoke: DataCollectionEvents.TestCaseEnd: Invoking callback 1/1 for Microsoft.TestPlatform.Extensions.BlameDataCollector.BlameCollector., took 0 ms.
TpTrace Information: 0 : 20988, 10, 2025/02/16, 21:26:52.453, 2311914781940, datacollector.dll, DataCollectionTestCaseEventHandler: Test case 'TestRandomConstructor - 2acdfc67-f5f7-6770-8409-5b816850736d' completed
TpTrace Information: 0 : 20988, 10, 2025/02/16, 21:26:52.454, 2311914793657, datacollector.dll, DataCollectionTestCaseEventHandler: Test case starting.
TpTrace Information: 0 : 20988, 10, 2025/02/16, 21:26:52.455, 2311914802383, datacollector.dll, BlameCollector.EventsTestCaseStart: Test Case Start
TpTrace Verbose: 0 : 20988, 10, 2025/02/16, 21:26:52.455, 2311914803028, datacollector.dll, MulticastDelegateUtilities.SafeInvoke: DataCollectionEvents.TestCaseStart: Invoking callback 1/1 for Microsoft.TestPlatform.Extensions.BlameDataCollector.BlameCollector., took 0 ms.
TpTrace Information: 0 : 20988, 10, 2025/02/16, 21:26:52.455, 2311914803876, datacollector.dll, DataCollectionTestCaseEventHandler: Test case 'TestManualConstructor - 8461b6fd-7d55-ef53-ce24-2e019361aa79' started.
TpTrace Information: 0 : 20988, 10, 2025/02/16, 21:26:52.457, 2311914817358, datacollector.dll, DataCollectionTestCaseEventHandler: Test case completing.
TpTrace Information: 0 : 20988, 10, 2025/02/16, 21:26:52.458, 2311914825101, datacollector.dll, BlameCollector.EventsTestCaseEnd: Test Case End
TpTrace Verbose: 0 : 20988, 10, 2025/02/16, 21:26:52.458, 2311914825719, datacollector.dll, MulticastDelegateUtilities.SafeInvoke: DataCollectionEvents.TestCaseEnd: Invoking callback 1/1 for Microsoft.TestPlatform.Extensions.BlameDataCollector.BlameCollector., took 0 ms.
TpTrace Information: 0 : 20988, 10, 2025/02/16, 21:26:52.458, 2311914827279, datacollector.dll, DataCollectionTestCaseEventHandler: Test case 'TestManualConstructor - 8461b6fd-7d55-ef53-ce24-2e019361aa79' completed
TpTrace Information: 0 : 20988, 10, 2025/02/16, 21:26:52.461, 2311914855333, datacollector.dll, DataCollectionTestCaseEventHandler: Test case starting.
TpTrace Information: 0 : 20988, 10, 2025/02/16, 21:26:52.461, 2311914863213, datacollector.dll, BlameCollector.EventsTestCaseStart: Test Case Start
TpTrace Verbose: 0 : 20988, 10, 2025/02/16, 21:26:52.462, 2311914864102, datacollector.dll, MulticastDelegateUtilities.SafeInvoke: DataCollectionEvents.TestCaseStart: Invoking callback 1/1 for Microsoft.TestPlatform.Extensions.BlameDataCollector.BlameCollector., took 0 ms.
TpTrace Information: 0 : 20988, 10, 2025/02/16, 21:26:52.462, 2311914865069, datacollector.dll, DataCollectionTestCaseEventHandler: Test case 'TestIndexer_ValidIndex - 006befcc-9c7b-d019-6e81-60b55e90934c' started.
TpTrace Information: 0 : 20988, 10, 2025/02/16, 21:26:52.463, 2311914875645, datacollector.dll, DataCollectionTestCaseEventHandler: Test case completing.
TpTrace Information: 0 : 20988, 10, 2025/02/16, 21:26:52.463, 2311914883584, datacollector.dll, BlameCollector.EventsTestCaseEnd: Test Case End
TpTrace Verbose: 0 : 20988, 10, 2025/02/16, 21:26:52.464, 2311914884372, datacollector.dll, MulticastDelegateUtilities.SafeInvoke: DataCollectionEvents.TestCaseEnd: Invoking callback 1/1 for Microsoft.TestPlatform.Extensions.BlameDataCollector.BlameCollector., took 0 ms.
TpTrace Information: 0 : 20988, 10, 2025/02/16, 21:26:52.464, 2311914885502, datacollector.dll, DataCollectionTestCaseEventHandler: Test case 'TestIndexer_ValidIndex - 006befcc-9c7b-d019-6e81-60b55e90934c' completed
TpTrace Information: 0 : 20988, 10, 2025/02/16, 21:26:52.464, 2311914893517, datacollector.dll, DataCollectionTestCaseEventHandler: Test case starting.
TpTrace Information: 0 : 20988, 10, 2025/02/16, 21:26:52.465, 2311914899954, datacollector.dll, BlameCollector.EventsTestCaseStart: Test Case Start
TpTrace Verbose: 0 : 20988, 10, 2025/02/16, 21:26:52.465, 2311914900571, datacollector.dll, MulticastDelegateUtilities.SafeInvoke: DataCollectionEvents.TestCaseStart: Invoking callback 1/1 for Microsoft.TestPlatform.Extensions.BlameDataCollector.BlameCollector., took 0 ms.
TpTrace Information: 0 : 20988, 10, 2025/02/16, 21:26:52.465, 2311914901363, datacollector.dll, DataCollectionTestCaseEventHandler: Test case 'TestIndexer_OutOfRangeIndex - 65fdad9d-f6bb-8d7a-68c6-54dac2912b22' started.
TpTrace Information: 0 : 20988, 10, 2025/02/16, 21:26:52.466, 2311914913022, datacollector.dll, DataCollectionTestCaseEventHandler: Test case completing.
TpTrace Information: 0 : 20988, 10, 2025/02/16, 21:26:52.467, 2311914919613, datacollector.dll, BlameCollector.EventsTestCaseEnd: Test Case End
TpTrace Verbose: 0 : 20988, 10, 2025/02/16, 21:26:52.467, 2311914920385, datacollector.dll, MulticastDelegateUtilities.SafeInvoke: DataCollectionEvents.TestCaseEnd: Invoking callback 1/1 for Microsoft.TestPlatform.Extensions.BlameDataCollector.BlameCollector., took 0 ms.
TpTrace Information: 0 : 20988, 10, 2025/02/16, 21:26:52.467, 2311914921663, datacollector.dll, DataCollectionTestCaseEventHandler: Test case 'TestIndexer_OutOfRangeIndex - 65fdad9d-f6bb-8d7a-68c6-54dac2912b22' completed
TpTrace Information: 0 : 20988, 10, 2025/02/16, 21:26:52.468, 2311914932035, datacollector.dll, DataCollectionTestCaseEventHandler: Test case starting.
TpTrace Information: 0 : 20988, 10, 2025/02/16, 21:26:52.469, 2311914939328, datacollector.dll, BlameCollector.EventsTestCaseStart: Test Case Start
TpTrace Verbose: 0 : 20988, 10, 2025/02/16, 21:26:52.469, 2311914940196, datacollector.dll, MulticastDelegateUtilities.SafeInvoke: DataCollectionEvents.TestCaseStart: Invoking callback 1/1 for Microsoft.TestPlatform.Extensions.BlameDataCollector.BlameCollector., took 0 ms.
TpTrace Information: 0 : 20988, 10, 2025/02/16, 21:26:52.469, 2311914941229, datacollector.dll, DataCollectionTestCaseEventHandler: Test case 'TestPrintInfo - a507cb33-cf9f-5348-9d48-5eaf3c4c19d3' started.
TpTrace Information: 0 : 20988, 10, 2025/02/16, 21:26:52.474, 2311914984280, datacollector.dll, DataCollectionTestCaseEventHandler: Test case completing.
TpTrace Information: 0 : 20988, 10, 2025/02/16, 21:26:52.475, 2311914995083, datacollector.dll, BlameCollector.EventsTestCaseEnd: Test Case End
TpTrace Verbose: 0 : 20988, 10, 2025/02/16, 21:26:52.475, 2311914995890, datacollector.dll, MulticastDelegateUtilities.SafeInvoke: DataCollectionEvents.TestCaseEnd: Invoking callback 1/1 for Microsoft.TestPlatform.Extensions.BlameDataCollector.BlameCollector., took 0 ms.
TpTrace Information: 0 : 20988, 10, 2025/02/16, 21:26:52.475, 2311914997203, datacollector.dll, DataCollectionTestCaseEventHandler: Test case 'TestPrintInfo - a507cb33-cf9f-5348-9d48-5eaf3c4c19d3' completed
TpTrace Information: 0 : 20988, 10, 2025/02/16, 21:26:52.476, 2311915009879, datacollector.dll, DataCollectionTestCaseEventHandler: Test case starting.
TpTrace Information: 0 : 20988, 10, 2025/02/16, 21:26:52.477, 2311915017787, datacollector.dll, BlameCollector.EventsTestCaseStart: Test Case Start
TpTrace Verbose: 0 : 20988, 10, 2025/02/16, 21:26:52.477, 2311915018438, datacollector.dll, MulticastDelegateUtilities.SafeInvoke: DataCollectionEvents.TestCaseStart: Invoking callback 1/1 for Microsoft.TestPlatform.Extensions.BlameDataCollector.BlameCollector., took 0 ms.
TpTrace Information: 0 : 20988, 10, 2025/02/16, 21:26:52.477, 2311915019654, datacollector.dll, DataCollectionTestCaseEventHandler: Test case 'TestEmptyArray - 171c86c6-3a6a-5136-b4ab-00be209a304a' started.
TpTrace Information: 0 : 20988, 10, 2025/02/16, 21:26:52.479, 2311915035683, datacollector.dll, DataCollectionTestCaseEventHandler: Test case completing.
TpTrace Information: 0 : 20988, 10, 2025/02/16, 21:26:52.480, 2311915044480, datacollector.dll, BlameCollector.EventsTestCaseEnd: Test Case End
TpTrace Verbose: 0 : 20988, 10, 2025/02/16, 21:26:52.480, 2311915045117, datacollector.dll, MulticastDelegateUtilities.SafeInvoke: DataCollectionEvents.TestCaseEnd: Invoking callback 1/1 for Microsoft.TestPlatform.Extensions.BlameDataCollector.BlameCollector., took 0 ms.
TpTrace Information: 0 : 20988, 10, 2025/02/16, 21:26:52.480, 2311915046112, datacollector.dll, DataCollectionTestCaseEventHandler: Test case 'TestEmptyArray - 171c86c6-3a6a-5136-b4ab-00be209a304a' completed
TpTrace Information: 0 : 20988, 10, 2025/02/16, 21:26:52.480, 2311915053634, datacollector.dll, DataCollectionTestCaseEventHandler: Test case starting.
TpTrace Information: 0 : 20988, 10, 2025/02/16, 21:26:52.481, 2311915059895, datacollector.dll, BlameCollector.EventsTestCaseStart: Test Case Start
TpTrace Verbose: 0 : 20988, 10, 2025/02/16, 21:26:52.481, 2311915060483, datacollector.dll, MulticastDelegateUtilities.SafeInvoke: DataCollectionEvents.TestCaseStart: Invoking callback 1/1 for Microsoft.TestPlatform.Extensions.BlameDataCollector.BlameCollector., took 0 ms.
TpTrace Information: 0 : 20988, 10, 2025/02/16, 21:26:52.481, 2311915061270, datacollector.dll, DataCollectionTestCaseEventHandler: Test case 'TestSingleCarArray - 0e9d6160-fd69-1daa-627e-d70b31fc9d57' started.
TpTrace Information: 0 : 20988, 10, 2025/02/16, 21:26:52.482, 2311915071118, datacollector.dll, DataCollectionTestCaseEventHandler: Test case completing.
TpTrace Information: 0 : 20988, 10, 2025/02/16, 21:26:52.483, 2311915077362, datacollector.dll, BlameCollector.EventsTestCaseEnd: Test Case End
TpTrace Verbose: 0 : 20988, 10, 2025/02/16, 21:26:52.483, 2311915077944, datacollector.dll, MulticastDelegateUtilities.SafeInvoke: DataCollectionEvents.TestCaseEnd: Invoking callback 1/1 for Microsoft.TestPlatform.Extensions.BlameDataCollector.BlameCollector., took 0 ms.
TpTrace Information: 0 : 20988, 10, 2025/02/16, 21:26:52.483, 2311915078932, datacollector.dll, DataCollectionTestCaseEventHandler: Test case 'TestSingleCarArray - 0e9d6160-fd69-1daa-627e-d70b31fc9d57' completed
TpTrace Information: 0 : 20988, 10, 2025/02/16, 21:26:52.484, 2311915086418, datacollector.dll, DataCollectionTestCaseEventHandler: Test case starting.
TpTrace Information: 0 : 20988, 10, 2025/02/16, 21:26:52.484, 2311915092766, datacollector.dll, BlameCollector.EventsTestCaseStart: Test Case Start
TpTrace Verbose: 0 : 20988, 10, 2025/02/16, 21:26:52.484, 2311915093359, datacollector.dll, MulticastDelegateUtilities.SafeInvoke: DataCollectionEvents.TestCaseStart: Invoking callback 1/1 for Microsoft.TestPlatform.Extensions.BlameDataCollector.BlameCollector., took 0 ms.
TpTrace Information: 0 : 20988, 10, 2025/02/16, 21:26:52.485, 2311915094153, datacollector.dll, DataCollectionTestCaseEventHandler: Test case 'TestMultipleCarsArray - fb5538ea-3329-6646-0609-5bbe77e98bef' started.
TpTrace Information: 0 : 20988, 10, 2025/02/16, 21:26:52.487, 2311915114953, datacollector.dll, DataCollectionTestCaseEventHandler: Test case completing.
TpTrace Information: 0 : 20988, 10, 2025/02/16, 21:26:52.487, 2311915122974, datacollector.dll, BlameCollector.EventsTestCaseEnd: Test Case End
TpTrace Verbose: 0 : 20988, 10, 2025/02/16, 21:26:52.487, 2311915123552, datacollector.dll, MulticastDelegateUtilities.SafeInvoke: DataCollectionEvents.TestCaseEnd: Invoking callback 1/1 for Microsoft.TestPlatform.Extensions.BlameDataCollector.BlameCollector., took 0 ms.
TpTrace Information: 0 : 20988, 10, 2025/02/16, 21:26:52.488, 2311915124504, datacollector.dll, DataCollectionTestCaseEventHandler: Test case 'TestMultipleCarsArray - fb5538ea-3329-6646-0609-5bbe77e98bef' completed
TpTrace Information: 0 : 20988, 10, 2025/02/16, 21:26:52.493, 2311915176851, datacollector.dll, DataCollectionTestCaseEventHandler: Test session ended
TpTrace Information: 0 : 20988, 1, 2025/02/16, 21:26:52.584, 2311916093998, datacollector.dll, DataCollectionRequestHandler.ProcessRequests: Datacollector received message: (DataCollection.AfterTestRunEnd) -> {"MessageType":"DataCollection.AfterTestRunEnd","Payload":false}
TpTrace Information: 0 : 20988, 1, 2025/02/16, 21:26:52.586, 2311916108771, datacollector.dll, Blame Collector: Session End
TpTrace Information: 0 : 20988, 1, 2025/02/16, 21:26:52.586, 2311916109614, datacollector.dll, BlameCollector.CollectDumpAndAbortTesthost: Custom path to dump directory was provided via VSTEST_DUMP_PATH. Skipping attachment upload, the caller is responsible for collecting and uploading the dumps themselves.
TpTrace Verbose: 0 : 20988, 1, 2025/02/16, 21:26:52.586, 2311916110658, datacollector.dll, MulticastDelegateUtilities.SafeInvoke: DataCollectionEvents.SessionEnd: Invoking callback 1/1 for Microsoft.TestPlatform.Extensions.BlameDataCollector.BlameCollector., took 0 ms.
TpTrace Information: 0 : 20988, 1, 2025/02/16, 21:26:52.587, 2311916116823, datacollector.dll, DataCollectionManager.CleanupPlugins: CleanupPlugins called
TpTrace Verbose: 0 : 20988, 1, 2025/02/16, 21:26:52.587, 2311916117404, datacollector.dll, DataCollectionManager.CleanupPlugins: Cleaning up 1 plugins
TpTrace Verbose: 0 : 20988, 1, 2025/02/16, 21:26:52.587, 2311916118375, datacollector.dll, dataCollectorInfo.DisposeDataCollector: calling Dispose() on Microsoft.TestPlatform.Extensions.BlameDataCollector.BlameCollector
TpTrace Information: 0 : 20988, 1, 2025/02/16, 21:26:52.587, 2311916119142, datacollector.dll, DataCollectionManager.CleanupPlugins: CleanupPlugins finished
TpTrace Information: 0 : 20988, 1, 2025/02/16, 21:26:52.592, 2311916165864, datacollector.dll, DataCollectionRequestHandler.ProcessRequests : Session End message received from server. Closing the connection.
TpTrace Information: 0 : 20988, 1, 2025/02/16, 21:26:52.592, 2311916168199, datacollector.dll, Closing the connection !
TpTrace Information: 0 : 20988, 1, 2025/02/16, 21:26:52.592, 2311916168658, datacollector.dll, DataCollectionRequestHandler.ProcessRequests : DataCollection completed
TpTrace Information: 0 : 20988, 1, 2025/02/16, 21:26:52.592, 2311916168940, datacollector.dll, Program.Main: exiting datacollector process.
